GLPSOL: GLPK LP/MIP Solver, v4.57
Parameter(s) specified in the command line:
 -m orientering_problem.mod -d data/eil76.dat -o solutions/eil76.sol --tmlim
 3600
Reading model section from orientering_problem.mod...
38 lines were read
Reading data section from data/eil76.dat...
data/eil76.dat:159: warning: final NL missing before end of file
159 lines were read
Generating obj...
Generating c1...
Generating c2...
Generating c3...
Generating c4...
Generating c5...
Generating c6...
Generating c7...
Generating c8...
Generating c9...
Generating c10...
Model has been successfully generated
GLPK Integer Optimizer, v4.57
6007 rows, 5928 columns, 51228 non-zeros
5852 integer variables, all of which are binary
Preprocessing...
5855 rows, 5852 columns, 50927 non-zeros
5777 integer variables, all of which are binary
Scaling...
 A: min|aij| =  1.000e+00  max|aij| =  8.500e+01  ratio =  8.500e+01
GM: min|aij| =  4.406e-01  max|aij| =  2.269e+00  ratio =  5.151e+00
EQ: min|aij| =  1.961e-01  max|aij| =  1.000e+00  ratio =  5.099e+00
2N: min|aij| =  1.250e-01  max|aij| =  1.172e+00  ratio =  9.375e+00
Constructing initial basis...
Size of triangular part is 5853
Solving LP relaxation...
GLPK Simplex Optimizer, v4.57
5855 rows, 5852 columns, 50927 non-zeros
      0: obj =   3.900000000e+01 inf =   2.000e+00 (1)
      1: obj =   3.900000000e+01 inf =   0.000e+00 (0)
*   385: obj =   2.836266667e+03 inf =   2.321e-13 (0) 2
OPTIMAL LP SOLUTION FOUND
Integer optimization begins...
+   385: mip =     not found yet <=              +inf        (1; 0)
+  1726: mip =     not found yet <=   2.833000000e+03        (99; 2)
+  2992: mip =     not found yet <=   2.831000000e+03        (186; 4)
+  4040: mip =     not found yet <=   2.826000000e+03        (274; 8)
+  5469: mip =     not found yet <=   2.825000000e+03        (370; 10)
+  7032: mip =     not found yet <=   2.821000000e+03        (476; 14)
+  7958: mip =     not found yet <=   2.820000000e+03        (548; 15)
+  8748: mip =     not found yet <=   2.820000000e+03        (615; 16)
+  9392: mip =     not found yet <=   2.816000000e+03        (661; 19)
+ 10017: mip =     not found yet <=   2.815000000e+03        (711; 21)
+ 10572: mip =     not found yet <=   2.815000000e+03        (766; 22)
+ 11171: mip =     not found yet <=   2.813000000e+03        (816; 24)
Time used: 60.1 secs.  Memory used: 19.3 Mb.
+ 11927: mip =     not found yet <=   2.812000000e+03        (885; 26)
+ 12756: mip =     not found yet <=   2.812000000e+03        (958; 27)
+ 13694: mip =     not found yet <=   2.811000000e+03        (1023; 28)
+ 14963: mip =     not found yet <=   2.810000000e+03        (1089; 30)
+ 15666: mip =     not found yet <=   2.808000000e+03        (1147; 32)
+ 16512: mip =     not found yet <=   2.807000000e+03        (1219; 33)
+ 17460: mip =     not found yet <=   2.806000000e+03        (1286; 35)
+ 18376: mip =     not found yet <=   2.806000000e+03        (1343; 38)
+ 19267: mip =     not found yet <=   2.805000000e+03        (1404; 39)
+ 20056: mip =     not found yet <=   2.805000000e+03        (1466; 40)
+ 20747: mip =     not found yet <=   2.804000000e+03        (1530; 41)
+ 21719: mip =     not found yet <=   2.804000000e+03        (1602; 42)
Time used: 120.1 secs.  Memory used: 22.0 Mb.
+ 22608: mip =     not found yet <=   2.804000000e+03        (1663; 43)
+ 23468: mip =     not found yet <=   2.804000000e+03        (1720; 44)
+ 24008: mip =     not found yet <=   2.804000000e+03        (1773; 45)
+ 25356: mip =     not found yet <=   2.804000000e+03        (1831; 49)
+ 26318: mip =     not found yet <=   2.803000000e+03        (1893; 51)
+ 27207: mip =     not found yet <=   2.803000000e+03        (1941; 54)
+ 27934: mip =     not found yet <=   2.803000000e+03        (1995; 55)
+ 28721: mip =     not found yet <=   2.802000000e+03        (2047; 57)
+ 29391: mip =     not found yet <=   2.802000000e+03        (2121; 58)
+ 30307: mip =     not found yet <=   2.802000000e+03        (2181; 59)
+ 30988: mip =     not found yet <=   2.801000000e+03        (2232; 61)
+ 31740: mip =     not found yet <=   2.800000000e+03        (2289; 63)
Time used: 180.2 secs.  Memory used: 24.3 Mb.
+ 32391: mip =     not found yet <=   2.800000000e+03        (2342; 64)
+ 33335: mip =     not found yet <=   2.800000000e+03        (2395; 65)
+ 34285: mip =     not found yet <=   2.799000000e+03        (2448; 67)
+ 35188: mip =     not found yet <=   2.799000000e+03        (2521; 68)
+ 36303: mip =     not found yet <=   2.799000000e+03        (2588; 69)
+ 37254: mip =     not found yet <=   2.798000000e+03        (2646; 70)
+ 38235: mip =     not found yet <=   2.798000000e+03        (2712; 73)
+ 38651: mip =     not found yet <=   2.798000000e+03        (2769; 73)
+ 39286: mip =     not found yet <=   2.797000000e+03        (2824; 74)
+ 40309: mip =     not found yet <=   2.797000000e+03        (2892; 76)
+ 41012: mip =     not found yet <=   2.797000000e+03        (2947; 79)
+ 41941: mip =     not found yet <=   2.797000000e+03        (3015; 80)
Time used: 240.2 secs.  Memory used: 27.0 Mb.
+ 42752: mip =     not found yet <=   2.796000000e+03        (3078; 83)
+ 43745: mip =     not found yet <=   2.796000000e+03        (3138; 84)
+ 45049: mip =     not found yet <=   2.796000000e+03        (3205; 86)
+ 45954: mip =     not found yet <=   2.796000000e+03        (3268; 88)
+ 46854: mip =     not found yet <=   2.796000000e+03        (3321; 89)
+ 47673: mip =     not found yet <=   2.796000000e+03        (3388; 90)
+ 48194: mip =     not found yet <=   2.796000000e+03        (3437; 91)
+ 49060: mip =     not found yet <=   2.796000000e+03        (3489; 92)
+ 49645: mip =     not found yet <=   2.796000000e+03        (3538; 93)
+ 50365: mip =     not found yet <=   2.795000000e+03        (3590; 96)
+ 51110: mip =     not found yet <=   2.795000000e+03        (3640; 97)
+ 51866: mip =     not found yet <=   2.795000000e+03        (3696; 98)
Time used: 300.2 secs.  Memory used: 29.2 Mb.
+ 52669: mip =     not found yet <=   2.795000000e+03        (3761; 99)
+ 53557: mip =     not found yet <=   2.795000000e+03        (3811; 103)
+ 54497: mip =     not found yet <=   2.794000000e+03        (3884; 106)
+ 55353: mip =     not found yet <=   2.794000000e+03        (3945; 108)
+ 56311: mip =     not found yet <=   2.794000000e+03        (4004; 109)
+ 57138: mip =     not found yet <=   2.794000000e+03        (4073; 110)
+ 57991: mip =     not found yet <=   2.794000000e+03        (4139; 111)
+ 59086: mip =     not found yet <=   2.794000000e+03        (4217; 113)
+ 60128: mip =     not found yet <=   2.793000000e+03        (4296; 115)
+ 61072: mip =     not found yet <=   2.793000000e+03        (4363; 117)
+ 61824: mip =     not found yet <=   2.793000000e+03        (4435; 118)
+ 62693: mip =     not found yet <=   2.793000000e+03        (4504; 119)
Time used: 360.2 secs.  Memory used: 32.2 Mb.
+ 63704: mip =     not found yet <=   2.793000000e+03        (4573; 120)
+ 64605: mip =     not found yet <=   2.792000000e+03        (4640; 122)
+ 65363: mip =     not found yet <=   2.792000000e+03        (4708; 123)
+ 66172: mip =     not found yet <=   2.792000000e+03        (4766; 124)
+ 66961: mip =     not found yet <=   2.792000000e+03        (4812; 125)
+ 67547: mip =     not found yet <=   2.792000000e+03        (4855; 127)
+ 68284: mip =     not found yet <=   2.792000000e+03        (4914; 129)
+ 69027: mip =     not found yet <=   2.792000000e+03        (4971; 130)
+ 69863: mip =     not found yet <=   2.792000000e+03        (5036; 131)
+ 70819: mip =     not found yet <=   2.792000000e+03        (5101; 132)
+ 71481: mip =     not found yet <=   2.792000000e+03        (5160; 133)
+ 72191: mip =     not found yet <=   2.791000000e+03        (5218; 135)
Time used: 420.3 secs.  Memory used: 34.5 Mb.
+ 73339: mip =     not found yet <=   2.791000000e+03        (5270; 138)
+ 74068: mip =     not found yet <=   2.791000000e+03        (5331; 139)
+ 74754: mip =     not found yet <=   2.791000000e+03        (5378; 140)
+ 75310: mip =     not found yet <=   2.791000000e+03        (5420; 143)
+ 75871: mip =     not found yet <=   2.791000000e+03        (5468; 143)
+ 76482: mip =     not found yet <=   2.790000000e+03        (5510; 144)
+ 77407: mip =     not found yet <=   2.790000000e+03        (5583; 145)
+ 78207: mip =     not found yet <=   2.790000000e+03        (5641; 147)
+ 79050: mip =     not found yet <=   2.790000000e+03        (5703; 149)
+ 79632: mip =     not found yet <=   2.790000000e+03        (5756; 150)
+ 80150: mip =     not found yet <=   2.790000000e+03        (5797; 151)
+ 80580: mip =     not found yet <=   2.790000000e+03        (5842; 151)
Time used: 480.3 secs.  Memory used: 36.4 Mb.
+ 80888: mip =     not found yet <=   2.790000000e+03        (5872; 153)
+ 81514: mip =     not found yet <=   2.790000000e+03        (5921; 154)
+ 82111: mip =     not found yet <=   2.790000000e+03        (5965; 156)
+ 82543: mip =     not found yet <=   2.790000000e+03        (6006; 156)
+ 83098: mip =     not found yet <=   2.789000000e+03        (6065; 157)
+ 84041: mip =     not found yet <=   2.789000000e+03        (6128; 158)
+ 84976: mip =     not found yet <=   2.789000000e+03        (6191; 159)
+ 85635: mip =     not found yet <=   2.789000000e+03        (6233; 163)
+ 86056: mip =     not found yet <=   2.789000000e+03        (6279; 163)
+ 87199: mip =     not found yet <=   2.789000000e+03        (6341; 165)
+ 87786: mip =     not found yet <=   2.789000000e+03        (6397; 166)
+ 88433: mip =     not found yet <=   2.789000000e+03        (6445; 169)
Time used: 540.4 secs.  Memory used: 38.3 Mb.
+ 89080: mip =     not found yet <=   2.789000000e+03        (6492; 170)
+ 89857: mip =     not found yet <=   2.788999048e+03        (6544; 171)
+ 90840: mip =     not found yet <=   2.788000000e+03        (6602; 173)
+ 92008: mip =     not found yet <=   2.788000000e+03        (6653; 175)
+ 92554: mip =     not found yet <=   2.788000000e+03        (6713; 176)
+ 93346: mip =     not found yet <=   2.788000000e+03        (6756; 177)
+ 94300: mip =     not found yet <=   2.788000000e+03        (6813; 178)
+ 95098: mip =     not found yet <=   2.788000000e+03        (6885; 179)
+ 95910: mip =     not found yet <=   2.788000000e+03        (6935; 184)
+ 96774: mip =     not found yet <=   2.788000000e+03        (6989; 186)
+ 97511: mip =     not found yet <=   2.788000000e+03        (7050; 187)
+ 98251: mip =     not found yet <=   2.787000000e+03        (7106; 188)
Time used: 600.5 secs.  Memory used: 40.8 Mb.
+ 99301: mip =     not found yet <=   2.787000000e+03        (7164; 190)
+100307: mip =     not found yet <=   2.787000000e+03        (7223; 191)
+101178: mip =     not found yet <=   2.787000000e+03        (7288; 194)
+101945: mip =     not found yet <=   2.787000000e+03        (7352; 195)
+102727: mip =     not found yet <=   2.787000000e+03        (7417; 196)
+103551: mip =     not found yet <=   2.787000000e+03        (7476; 197)
+104354: mip =     not found yet <=   2.787000000e+03        (7531; 199)
+104958: mip =     not found yet <=   2.787000000e+03        (7582; 200)
+105552: mip =     not found yet <=   2.787000000e+03        (7642; 201)
+106158: mip =     not found yet <=   2.786000000e+03        (7694; 204)
+107024: mip =     not found yet <=   2.786000000e+03        (7741; 205)
+108123: mip =     not found yet <=   2.786000000e+03        (7816; 206)
Time used: 660.5 secs.  Memory used: 43.3 Mb.
+108833: mip =     not found yet <=   2.786000000e+03        (7869; 208)
+109493: mip =     not found yet <=   2.786000000e+03        (7921; 209)
+110144: mip =     not found yet <=   2.786000000e+03        (7970; 210)
+111000: mip =     not found yet <=   2.786000000e+03        (8018; 211)
+111753: mip =     not found yet <=   2.786000000e+03        (8072; 212)
+112480: mip =     not found yet <=   2.786000000e+03        (8126; 213)
+113230: mip =     not found yet <=   2.786000000e+03        (8191; 214)
+114004: mip =     not found yet <=   2.786000000e+03        (8250; 215)
+114909: mip =     not found yet <=   2.786000000e+03        (8305; 217)
+115667: mip =     not found yet <=   2.786000000e+03        (8365; 218)
+116342: mip =     not found yet <=   2.786000000e+03        (8428; 219)
Time used: 720.5 secs.  Memory used: 45.7 Mb.
+117351: mip =     not found yet <=   2.785000000e+03        (8482; 221)
+118107: mip =     not found yet <=   2.785000000e+03        (8543; 223)
+119058: mip =     not found yet <=   2.785000000e+03        (8608; 224)
+119937: mip =     not found yet <=   2.785000000e+03        (8671; 225)
+120825: mip =     not found yet <=   2.785000000e+03        (8742; 226)
+121764: mip =     not found yet <=   2.785000000e+03        (8793; 228)
+122607: mip =     not found yet <=   2.785000000e+03        (8854; 229)
+123483: mip =     not found yet <=   2.785000000e+03        (8916; 230)
+124442: mip =     not found yet <=   2.785000000e+03        (8984; 232)
+125085: mip =     not found yet <=   2.785000000e+03        (9041; 232)
+125457: mip =     not found yet <=   2.785000000e+03        (9085; 233)
+125978: mip =     not found yet <=   2.785000000e+03        (9124; 233)
Time used: 780.6 secs.  Memory used: 47.7 Mb.
+126379: mip =     not found yet <=   2.785000000e+03        (9164; 234)
+127075: mip =     not found yet <=   2.785000000e+03        (9220; 235)
+127929: mip =     not found yet <=   2.785000000e+03        (9284; 236)
+128645: mip =     not found yet <=   2.785000000e+03        (9342; 237)
+129494: mip =     not found yet <=   2.785000000e+03        (9396; 239)
+130174: mip =     not found yet <=   2.785000000e+03        (9450; 241)
+131006: mip =     not found yet <=   2.785000000e+03        (9503; 243)
+131874: mip =     not found yet <=   2.785000000e+03        (9575; 244)
+132803: mip =     not found yet <=   2.784000000e+03        (9633; 246)
+133585: mip =     not found yet <=   2.784000000e+03        (9702; 247)
+134666: mip =     not found yet <=   2.784000000e+03        (9764; 249)
+135680: mip =     not found yet <=   2.784000000e+03        (9825; 251)
Time used: 840.7 secs.  Memory used: 50.1 Mb.
+136530: mip =     not found yet <=   2.784000000e+03        (9892; 252)
+137666: mip =     not found yet <=   2.784000000e+03        (9959; 254)
+138610: mip =     not found yet <=   2.784000000e+03        (10023; 255)
+139514: mip =     not found yet <=   2.784000000e+03        (10083; 257)
+140109: mip =     not found yet <=   2.784000000e+03        (10152; 258)
+141023: mip =     not found yet <=   2.784000000e+03        (10219; 259)
+141954: mip =     not found yet <=   2.784000000e+03        (10275; 261)
+142886: mip =     not found yet <=   2.784000000e+03        (10339; 262)
+143905: mip =     not found yet <=   2.784000000e+03        (10406; 264)
+144544: mip =     not found yet <=   2.784000000e+03        (10464; 265)
+145238: mip =     not found yet <=   2.784000000e+03        (10525; 267)
+145992: mip =     not found yet <=   2.784000000e+03        (10590; 268)
Time used: 900.7 secs.  Memory used: 52.9 Mb.
+146754: mip =     not found yet <=   2.784000000e+03        (10649; 270)
+147488: mip =     not found yet <=   2.784000000e+03        (10702; 271)
+148555: mip =     not found yet <=   2.784000000e+03        (10767; 272)
+149225: mip =     not found yet <=   2.784000000e+03        (10826; 274)
+149924: mip =     not found yet <=   2.784000000e+03        (10883; 275)
+150443: mip =     not found yet <=   2.784000000e+03        (10935; 276)
+151080: mip =     not found yet <=   2.783000000e+03        (10989; 278)
+151976: mip =     not found yet <=   2.783000000e+03        (11055; 279)
+152756: mip =     not found yet <=   2.783000000e+03        (11118; 280)
+153566: mip =     not found yet <=   2.783000000e+03        (11179; 282)
+154162: mip =     not found yet <=   2.783000000e+03        (11236; 284)
+154943: mip =     not found yet <=   2.783000000e+03        (11297; 286)
Time used: 960.7 secs.  Memory used: 55.3 Mb.
+155845: mip =     not found yet <=   2.783000000e+03        (11361; 288)
+156906: mip =     not found yet <=   2.783000000e+03        (11427; 290)
+157654: mip =     not found yet <=   2.783000000e+03        (11486; 292)
+158311: mip =     not found yet <=   2.783000000e+03        (11562; 293)
+159200: mip =     not found yet <=   2.783000000e+03        (11627; 294)
+159920: mip =     not found yet <=   2.783000000e+03        (11690; 296)
+160615: mip =     not found yet <=   2.783000000e+03        (11754; 298)
+161584: mip =     not found yet <=   2.783000000e+03        (11815; 300)
+162356: mip =     not found yet <=   2.783000000e+03        (11873; 301)
+163193: mip =     not found yet <=   2.783000000e+03        (11932; 302)
+163919: mip =     not found yet <=   2.783000000e+03        (11988; 303)
+164476: mip =     not found yet <=   2.783000000e+03        (12031; 305)
Time used: 1020.8 secs.  Memory used: 57.5 Mb.
+164900: mip =     not found yet <=   2.783000000e+03        (12075; 305)
+165495: mip =     not found yet <=   2.783000000e+03        (12123; 306)
+166416: mip =     not found yet <=   2.783000000e+03        (12180; 307)
+167264: mip =     not found yet <=   2.783000000e+03        (12233; 308)
+168190: mip =     not found yet <=   2.783000000e+03        (12294; 309)
+168872: mip =     not found yet <=   2.783000000e+03        (12351; 310)
+169657: mip =     not found yet <=   2.783000000e+03        (12410; 312)
+170522: mip =     not found yet <=   2.783000000e+03        (12475; 313)
+171252: mip =     not found yet <=   2.783000000e+03        (12532; 315)
+172187: mip =     not found yet <=   2.783000000e+03        (12595; 316)
+172913: mip =     not found yet <=   2.783000000e+03        (12650; 318)
+173805: mip =     not found yet <=   2.783000000e+03        (12699; 319)
Time used: 1080.8 secs.  Memory used: 59.8 Mb.
+174702: mip =     not found yet <=   2.783000000e+03        (12756; 321)
+175395: mip =     not found yet <=   2.783000000e+03        (12813; 322)
+176150: mip =     not found yet <=   2.782000000e+03        (12865; 325)
+176980: mip =     not found yet <=   2.782000000e+03        (12928; 326)
+178127: mip =     not found yet <=   2.782000000e+03        (13000; 327)
+178945: mip =     not found yet <=   2.782000000e+03        (13060; 329)
+179711: mip =     not found yet <=   2.782000000e+03        (13114; 330)
+180538: mip =     not found yet <=   2.782000000e+03        (13166; 332)
+181311: mip =     not found yet <=   2.782000000e+03        (13228; 334)
+182147: mip =     not found yet <=   2.782000000e+03        (13287; 336)
+182939: mip =     not found yet <=   2.782000000e+03        (13341; 338)
+183755: mip =     not found yet <=   2.782000000e+03        (13412; 339)
Time used: 1140.9 secs.  Memory used: 62.3 Mb.
+184748: mip =     not found yet <=   2.782000000e+03        (13471; 341)
+185692: mip =     not found yet <=   2.782000000e+03        (13547; 342)
+186584: mip =     not found yet <=   2.782000000e+03        (13605; 344)
+187483: mip =     not found yet <=   2.782000000e+03        (13661; 345)
+188441: mip =     not found yet <=   2.782000000e+03        (13727; 346)
+189331: mip =     not found yet <=   2.782000000e+03        (13798; 348)
+190411: mip =     not found yet <=   2.782000000e+03        (13860; 350)
+191137: mip =     not found yet <=   2.782000000e+03        (13912; 351)
+191848: mip =     not found yet <=   2.782000000e+03        (13975; 353)
+192887: mip =     not found yet <=   2.782000000e+03        (14033; 354)
+193996: mip =     not found yet <=   2.782000000e+03        (14099; 356)
+194855: mip =     not found yet <=   2.782000000e+03        (14154; 357)
Time used: 1200.9 secs.  Memory used: 64.7 Mb.
+195757: mip =     not found yet <=   2.781000000e+03        (14215; 358)
+196426: mip =     not found yet <=   2.781000000e+03        (14280; 359)
+197271: mip =     not found yet <=   2.781000000e+03        (14328; 360)
+197967: mip =     not found yet <=   2.781000000e+03        (14391; 361)
+198602: mip =     not found yet <=   2.781000000e+03        (14456; 363)
+199411: mip =     not found yet <=   2.781000000e+03        (14521; 365)
+199896: mip =     not found yet <=   2.781000000e+03        (14574; 366)
+200817: mip =     not found yet <=   2.781000000e+03        (14630; 367)
+201601: mip =     not found yet <=   2.781000000e+03        (14688; 369)
+202831: mip =     not found yet <=   2.781000000e+03        (14759; 371)
+203766: mip =     not found yet <=   2.781000000e+03        (14828; 372)
+204709: mip =     not found yet <=   2.781000000e+03        (14892; 375)
Time used: 1260.9 secs.  Memory used: 67.1 Mb.
+205288: mip =     not found yet <=   2.781000000e+03        (14950; 376)
+206033: mip =     not found yet <=   2.781000000e+03        (15011; 377)
+207095: mip =     not found yet <=   2.781000000e+03        (15069; 378)
+208240: mip =     not found yet <=   2.781000000e+03        (15134; 379)
+209557: mip =     not found yet <=   2.781000000e+03        (15199; 381)
+210322: mip =     not found yet <=   2.781000000e+03        (15259; 383)
+211096: mip =     not found yet <=   2.781000000e+03        (15320; 384)
+212012: mip =     not found yet <=   2.781000000e+03        (15383; 385)
+212696: mip =     not found yet <=   2.780000000e+03        (15441; 387)
+213417: mip =     not found yet <=   2.780000000e+03        (15504; 388)
+214182: mip =     not found yet <=   2.780000000e+03        (15556; 390)
+214896: mip =     not found yet <=   2.780000000e+03        (15612; 392)
Time used: 1321.0 secs.  Memory used: 69.5 Mb.
+215715: mip =     not found yet <=   2.780000000e+03        (15667; 394)
+216735: mip =     not found yet <=   2.780000000e+03        (15724; 397)
+217273: mip =     not found yet <=   2.780000000e+03        (15785; 398)
+217923: mip =     not found yet <=   2.780000000e+03        (15850; 399)
+218916: mip =     not found yet <=   2.780000000e+03        (15921; 400)
+220144: mip =     not found yet <=   2.780000000e+03        (15988; 402)
+220972: mip =     not found yet <=   2.780000000e+03        (16052; 403)
+221977: mip =     not found yet <=   2.780000000e+03        (16129; 405)
+222826: mip =     not found yet <=   2.780000000e+03        (16184; 406)
+223716: mip =     not found yet <=   2.780000000e+03        (16252; 408)
+224317: mip =     not found yet <=   2.780000000e+03        (16305; 411)
+225113: mip =     not found yet <=   2.780000000e+03        (16367; 412)
Time used: 1381.0 secs.  Memory used: 71.9 Mb.
+225790: mip =     not found yet <=   2.780000000e+03        (16432; 413)
+226644: mip =     not found yet <=   2.780000000e+03        (16490; 415)
+227580: mip =     not found yet <=   2.780000000e+03        (16540; 418)
+228590: mip =     not found yet <=   2.780000000e+03        (16599; 419)
+229855: mip =     not found yet <=   2.780000000e+03        (16670; 420)
+230848: mip =     not found yet <=   2.780000000e+03        (16727; 422)
+231498: mip =     not found yet <=   2.780000000e+03        (16783; 424)
+232284: mip =     not found yet <=   2.780000000e+03        (16840; 426)
+232984: mip =     not found yet <=   2.780000000e+03        (16900; 427)
+233703: mip =     not found yet <=   2.780000000e+03        (16955; 428)
+234433: mip =     not found yet <=   2.780000000e+03        (17009; 430)
+235074: mip =     not found yet <=   2.780000000e+03        (17059; 431)
Time used: 1441.0 secs.  Memory used: 74.1 Mb.
+235825: mip =     not found yet <=   2.779000000e+03        (17112; 433)
+236592: mip =     not found yet <=   2.779000000e+03        (17164; 434)
+237330: mip =     not found yet <=   2.779000000e+03        (17211; 435)
+238159: mip =     not found yet <=   2.779000000e+03        (17266; 436)
+239305: mip =     not found yet <=   2.779000000e+03        (17340; 438)
+240142: mip =     not found yet <=   2.779000000e+03        (17399; 440)
+240798: mip =     not found yet <=   2.779000000e+03        (17477; 440)
+241790: mip =     not found yet <=   2.779000000e+03        (17537; 443)
+242538: mip =     not found yet <=   2.779000000e+03        (17605; 445)
+243110: mip =     not found yet <=   2.779000000e+03        (17661; 446)
+243738: mip =     not found yet <=   2.779000000e+03        (17719; 447)
Time used: 1501.0 secs.  Memory used: 76.0 Mb.
+244315: mip =     not found yet <=   2.779000000e+03        (17769; 448)
+245161: mip =     not found yet <=   2.779000000e+03        (17830; 449)
+245869: mip =     not found yet <=   2.779000000e+03        (17901; 451)
+246620: mip =     not found yet <=   2.779000000e+03        (17969; 452)
+247599: mip =     not found yet <=   2.779000000e+03        (18025; 454)
+248344: mip =     not found yet <=   2.779000000e+03        (18090; 456)
+249128: mip =     not found yet <=   2.779000000e+03        (18145; 458)
+250187: mip =     not found yet <=   2.779000000e+03        (18208; 459)
+251017: mip =     not found yet <=   2.779000000e+03        (18270; 461)
+252171: mip =     not found yet <=   2.779000000e+03        (18341; 462)
+253168: mip =     not found yet <=   2.779000000e+03        (18399; 464)
+254126: mip =     not found yet <=   2.779000000e+03        (18461; 466)
Time used: 1561.0 secs.  Memory used: 78.5 Mb.
+255201: mip =     not found yet <=   2.779000000e+03        (18527; 468)
+256406: mip =     not found yet <=   2.779000000e+03        (18607; 471)
+257522: mip =     not found yet <=   2.779000000e+03        (18677; 473)
+258623: mip =     not found yet <=   2.779000000e+03        (18752; 475)
+259601: mip =     not found yet <=   2.779000000e+03        (18815; 476)
+260475: mip =     not found yet <=   2.779000000e+03        (18878; 478)
+261691: mip =     not found yet <=   2.779000000e+03        (18933; 482)
+263161: mip =     not found yet <=   2.779000000e+03        (19001; 484)
+264399: mip =     not found yet <=   2.779000000e+03        (19076; 486)
+265283: mip =     not found yet <=   2.779000000e+03        (19150; 487)
+266117: mip =     not found yet <=   2.779000000e+03        (19229; 489)
+266788: mip =     not found yet <=   2.779000000e+03        (19292; 490)
Time used: 1621.0 secs.  Memory used: 81.0 Mb.
+267825: mip =     not found yet <=   2.779000000e+03        (19358; 494)
+268863: mip =     not found yet <=   2.779000000e+03        (19430; 497)
+269769: mip =     not found yet <=   2.779000000e+03        (19491; 500)
+270681: mip =     not found yet <=   2.779000000e+03        (19572; 502)
+271917: mip =     not found yet <=   2.779000000e+03        (19650; 504)
+272975: mip =     not found yet <=   2.779000000e+03        (19731; 507)
+274054: mip =     not found yet <=   2.779000000e+03        (19804; 510)
+275190: mip =     not found yet <=   2.779000000e+03        (19880; 513)
+276315: mip =     not found yet <=   2.779000000e+03        (19955; 516)
+277178: mip =     not found yet <=   2.779000000e+03        (20038; 517)
+278433: mip =     not found yet <=   2.779000000e+03        (20112; 520)
+279874: mip =     not found yet <=   2.779000000e+03        (20201; 522)
Time used: 1681.1 secs.  Memory used: 83.7 Mb.
+281192: mip =     not found yet <=   2.779000000e+03        (20274; 523)
+282158: mip =     not found yet <=   2.779000000e+03        (20329; 528)
+283156: mip =     not found yet <=   2.779000000e+03        (20421; 529)
+284753: mip =     not found yet <=   2.779000000e+03        (20503; 532)
+286141: mip =     not found yet <=   2.779000000e+03        (20579; 534)
+287200: mip =     not found yet <=   2.779000000e+03        (20654; 535)
+288173: mip =     not found yet <=   2.779000000e+03        (20724; 537)
+288966: mip =     not found yet <=   2.779000000e+03        (20787; 538)
+289694: mip =     not found yet <=   2.779000000e+03        (20851; 539)
+290434: mip =     not found yet <=   2.778000000e+03        (20908; 541)
+291393: mip =     not found yet <=   2.778000000e+03        (20969; 543)
+292277: mip =     not found yet <=   2.778000000e+03        (21032; 544)
Time used: 1741.1 secs.  Memory used: 86.0 Mb.
+292934: mip =     not found yet <=   2.778000000e+03        (21093; 546)
+293699: mip =     not found yet <=   2.778000000e+03        (21160; 547)
+294738: mip =     not found yet <=   2.778000000e+03        (21226; 548)
+295871: mip =     not found yet <=   2.778000000e+03        (21295; 550)
+296648: mip =     not found yet <=   2.778000000e+03        (21358; 551)
+297638: mip =     not found yet <=   2.778000000e+03        (21421; 553)
+298639: mip =     not found yet <=   2.778000000e+03        (21480; 555)
+299381: mip =     not found yet <=   2.778000000e+03        (21548; 556)
+300016: mip =     not found yet <=   2.778000000e+03        (21604; 558)
+300910: mip =     not found yet <=   2.778000000e+03        (21670; 559)
+301617: mip =     not found yet <=   2.778000000e+03        (21723; 561)
+302256: mip =     not found yet <=   2.778000000e+03        (21781; 562)
Time used: 1801.1 secs.  Memory used: 88.4 Mb.
+303478: mip =     not found yet <=   2.778000000e+03        (21837; 566)
+304362: mip =     not found yet <=   2.778000000e+03        (21895; 567)
+305035: mip =     not found yet <=   2.778000000e+03        (21953; 569)
+305661: mip =     not found yet <=   2.778000000e+03        (22009; 571)
+306862: mip =     not found yet <=   2.778000000e+03        (22079; 573)
+307980: mip =     not found yet <=   2.778000000e+03        (22143; 574)
+308896: mip =     not found yet <=   2.778000000e+03        (22199; 577)
+309938: mip =     not found yet <=   2.778000000e+03        (22261; 579)
+310491: mip =     not found yet <=   2.778000000e+03        (22327; 581)
+311545: mip =     not found yet <=   2.778000000e+03        (22391; 583)
+312301: mip =     not found yet <=   2.778000000e+03        (22451; 584)
+312937: mip =     not found yet <=   2.778000000e+03        (22513; 585)
Time used: 1861.2 secs.  Memory used: 91.0 Mb.
+313842: mip =     not found yet <=   2.778000000e+03        (22587; 587)
+314557: mip =     not found yet <=   2.778000000e+03        (22643; 588)
+315293: mip =     not found yet <=   2.777000000e+03        (22687; 591)
+316010: mip =     not found yet <=   2.777000000e+03        (22738; 592)
+316584: mip =     not found yet <=   2.777000000e+03        (22791; 593)
+317397: mip =     not found yet <=   2.777000000e+03        (22847; 596)
+318153: mip =     not found yet <=   2.777000000e+03        (22908; 597)
+319084: mip =     not found yet <=   2.777000000e+03        (22985; 598)
+319601: mip =     not found yet <=   2.777000000e+03        (23039; 599)
+320356: mip =     not found yet <=   2.777000000e+03        (23094; 601)
+321567: mip =     not found yet <=   2.777000000e+03        (23160; 602)
+322319: mip =     not found yet <=   2.777000000e+03        (23211; 605)
Time used: 1921.2 secs.  Memory used: 93.0 Mb.
+323139: mip =     not found yet <=   2.777000000e+03        (23279; 607)
+323944: mip =     not found yet <=   2.777000000e+03        (23339; 608)
+324898: mip =     not found yet <=   2.777000000e+03        (23403; 609)
+325834: mip =     not found yet <=   2.777000000e+03        (23469; 610)
+326876: mip =     not found yet <=   2.777000000e+03        (23533; 612)
+327722: mip =     not found yet <=   2.777000000e+03        (23604; 615)
+328499: mip =     not found yet <=   2.777000000e+03        (23667; 616)
+329222: mip =     not found yet <=   2.777000000e+03        (23723; 617)
+329935: mip =     not found yet <=   2.777000000e+03        (23786; 618)
+330952: mip =     not found yet <=   2.777000000e+03        (23849; 620)
+331656: mip =     not found yet <=   2.777000000e+03        (23912; 621)
+332390: mip =     not found yet <=   2.777000000e+03        (23972; 622)
Time used: 1981.3 secs.  Memory used: 95.4 Mb.
+333210: mip =     not found yet <=   2.777000000e+03        (24040; 623)
+333880: mip =     not found yet <=   2.777000000e+03        (24096; 624)
+334677: mip =     not found yet <=   2.777000000e+03        (24155; 626)
+335302: mip =     not found yet <=   2.777000000e+03        (24202; 628)
+335940: mip =     not found yet <=   2.777000000e+03        (24243; 630)
+336498: mip =     not found yet <=   2.777000000e+03        (24286; 632)
+337001: mip =     not found yet <=   2.777000000e+03        (24339; 633)
+337675: mip =     not found yet <=   2.777000000e+03        (24391; 634)
+338275: mip =     not found yet <=   2.777000000e+03        (24440; 636)
+338705: mip =     not found yet <=   2.777000000e+03        (24483; 637)
+339133: mip =     not found yet <=   2.777000000e+03        (24520; 637)
+339807: mip =     not found yet <=   2.777000000e+03        (24557; 640)
Time used: 2041.4 secs.  Memory used: 97.2 Mb.
+340300: mip =     not found yet <=   2.777000000e+03        (24596; 641)
+340972: mip =     not found yet <=   2.777000000e+03        (24648; 642)
+341751: mip =     not found yet <=   2.777000000e+03        (24713; 643)
+342723: mip =     not found yet <=   2.777000000e+03        (24772; 644)
+343371: mip =     not found yet <=   2.777000000e+03        (24819; 645)
+344024: mip =     not found yet <=   2.777000000e+03        (24869; 646)
+345065: mip =     not found yet <=   2.777000000e+03        (24936; 647)
+346010: mip =     not found yet <=   2.777000000e+03        (25004; 649)
+346678: mip =     not found yet <=   2.777000000e+03        (25059; 650)
+347261: mip =     not found yet <=   2.777000000e+03        (25106; 653)
+348041: mip =     not found yet <=   2.777000000e+03        (25158; 655)
Time used: 2101.4 secs.  Memory used: 99.4 Mb.
+348511: mip =     not found yet <=   2.777000000e+03        (25202; 656)
+349120: mip =     not found yet <=   2.776000000e+03        (25248; 658)
+349753: mip =     not found yet <=   2.776000000e+03        (25297; 660)
+350434: mip =     not found yet <=   2.776000000e+03        (25345; 661)
+351138: mip =     not found yet <=   2.776000000e+03        (25386; 663)
+351902: mip =     not found yet <=   2.776000000e+03        (25438; 664)
+352594: mip =     not found yet <=   2.776000000e+03        (25489; 665)
+353104: mip =     not found yet <=   2.776000000e+03        (25539; 667)
+353707: mip =     not found yet <=   2.776000000e+03        (25590; 669)
+354277: mip =     not found yet <=   2.776000000e+03        (25639; 669)
+355035: mip =     not found yet <=   2.776000000e+03        (25684; 671)
+355907: mip =     not found yet <=   2.776000000e+03        (25732; 672)
Time used: 2161.4 secs.  Memory used: 101.4 Mb.
+356493: mip =     not found yet <=   2.776000000e+03        (25792; 673)
+356989: mip =     not found yet <=   2.776000000e+03        (25840; 675)
+357574: mip =     not found yet <=   2.776000000e+03        (25897; 676)
+358263: mip =     not found yet <=   2.776000000e+03        (25959; 677)
+359095: mip =     not found yet <=   2.776000000e+03        (26020; 678)
+359937: mip =     not found yet <=   2.776000000e+03        (26079; 681)
+360871: mip =     not found yet <=   2.776000000e+03        (26143; 682)
+361886: mip =     not found yet <=   2.776000000e+03        (26215; 683)
+362750: mip =     not found yet <=   2.776000000e+03        (26274; 684)
+363468: mip =     not found yet <=   2.776000000e+03        (26331; 685)
+364084: mip =     not found yet <=   2.776000000e+03        (26379; 686)
+364795: mip =     not found yet <=   2.776000000e+03        (26435; 687)
Time used: 2221.5 secs.  Memory used: 103.6 Mb.
+365473: mip =     not found yet <=   2.776000000e+03        (26484; 688)
+366226: mip =     not found yet <=   2.776000000e+03        (26542; 690)
+367064: mip =     not found yet <=   2.776000000e+03        (26600; 691)
+367795: mip =     not found yet <=   2.776000000e+03        (26655; 692)
+368502: mip =     not found yet <=   2.776000000e+03        (26709; 694)
+369186: mip =     not found yet <=   2.776000000e+03        (26756; 695)
+369732: mip =     not found yet <=   2.776000000e+03        (26801; 696)
+370588: mip =     not found yet <=   2.776000000e+03        (26855; 699)
+371271: mip =     not found yet <=   2.776000000e+03        (26901; 701)
+372011: mip =     not found yet <=   2.776000000e+03        (26954; 702)
+372625: mip =     not found yet <=   2.776000000e+03        (27005; 703)
+373136: mip =     not found yet <=   2.776000000e+03        (27065; 703)
Time used: 2281.5 secs.  Memory used: 105.7 Mb.
+374015: mip =     not found yet <=   2.776000000e+03        (27113; 705)
+374876: mip =     not found yet <=   2.776000000e+03        (27172; 708)
+375490: mip =     not found yet <=   2.776000000e+03        (27228; 708)
+376310: mip =     not found yet <=   2.776000000e+03        (27281; 711)
+377107: mip =     not found yet <=   2.776000000e+03        (27335; 713)
+377898: mip =     not found yet <=   2.776000000e+03        (27391; 714)
+378675: mip =     not found yet <=   2.776000000e+03        (27446; 715)
+379410: mip =     not found yet <=   2.775000000e+03        (27500; 718)
+380330: mip =     not found yet <=   2.775000000e+03        (27559; 721)
+381258: mip =     not found yet <=   2.775000000e+03        (27618; 723)
+381951: mip =     not found yet <=   2.775000000e+03        (27670; 724)
+382572: mip =     not found yet <=   2.775000000e+03        (27725; 725)
Time used: 2341.6 secs.  Memory used: 107.8 Mb.
+383274: mip =     not found yet <=   2.775000000e+03        (27777; 726)
+384113: mip =     not found yet <=   2.775000000e+03        (27836; 727)
+384826: mip =     not found yet <=   2.775000000e+03        (27896; 728)
+385693: mip =     not found yet <=   2.775000000e+03        (27957; 729)
+386229: mip =     not found yet <=   2.775000000e+03        (27997; 731)
+386748: mip =     not found yet <=   2.775000000e+03        (28033; 732)
+387322: mip =     not found yet <=   2.775000000e+03        (28079; 733)
+388128: mip =     not found yet <=   2.775000000e+03        (28148; 734)
+388846: mip =     not found yet <=   2.775000000e+03        (28207; 736)
+389624: mip =     not found yet <=   2.775000000e+03        (28275; 737)
+390572: mip =     not found yet <=   2.775000000e+03        (28339; 739)
+391568: mip =     not found yet <=   2.775000000e+03        (28398; 741)
Time used: 2401.6 secs.  Memory used: 109.9 Mb.
+392437: mip =     not found yet <=   2.775000000e+03        (28470; 742)
+393347: mip =     not found yet <=   2.775000000e+03        (28533; 743)
+394333: mip =     not found yet <=   2.775000000e+03        (28609; 744)
+395320: mip =     not found yet <=   2.775000000e+03        (28674; 746)
+396346: mip =     not found yet <=   2.775000000e+03        (28737; 747)
+397134: mip =     not found yet <=   2.775000000e+03        (28802; 748)
+398017: mip =     not found yet <=   2.775000000e+03        (28865; 750)
+398855: mip =     not found yet <=   2.775000000e+03        (28922; 754)
+399820: mip =     not found yet <=   2.775000000e+03        (28980; 757)
+400444: mip =     not found yet <=   2.775000000e+03        (29039; 757)
+401350: mip =     not found yet <=   2.775000000e+03        (29103; 759)
+402355: mip =     not found yet <=   2.775000000e+03        (29170; 760)
Time used: 2461.6 secs.  Memory used: 112.3 Mb.
+403133: mip =     not found yet <=   2.775000000e+03        (29238; 761)
+404015: mip =     not found yet <=   2.775000000e+03        (29308; 762)
+405126: mip =     not found yet <=   2.775000000e+03        (29378; 764)
+405942: mip =     not found yet <=   2.775000000e+03        (29438; 765)
+406912: mip =     not found yet <=   2.775000000e+03        (29496; 767)
+408230: mip =     not found yet <=   2.775000000e+03        (29589; 769)
+409210: mip =     not found yet <=   2.774000000e+03        (29659; 771)
+410077: mip =     not found yet <=   2.774000000e+03        (29734; 773)
+410958: mip =     not found yet <=   2.774000000e+03        (29821; 775)
+412040: mip =     not found yet <=   2.774000000e+03        (29890; 777)
+412903: mip =     not found yet <=   2.774000000e+03        (29965; 779)
+413845: mip =     not found yet <=   2.774000000e+03        (30044; 782)
Time used: 2521.7 secs.  Memory used: 114.9 Mb.
+414712: mip =     not found yet <=   2.774000000e+03        (30116; 783)
+416220: mip =     not found yet <=   2.774000000e+03        (30187; 785)
+417252: mip =     not found yet <=   2.774000000e+03        (30253; 787)
+418694: mip =     not found yet <=   2.774000000e+03        (30332; 788)
+419472: mip =     not found yet <=   2.774000000e+03        (30397; 792)
+420215: mip =     not found yet <=   2.774000000e+03        (30465; 793)
+421148: mip =     not found yet <=   2.774000000e+03        (30540; 794)
+421989: mip =     not found yet <=   2.774000000e+03        (30618; 795)
+423117: mip =     not found yet <=   2.774000000e+03        (30689; 797)
+424391: mip =     not found yet <=   2.774000000e+03        (30766; 800)
+426037: mip =     not found yet <=   2.774000000e+03        (30850; 801)
+427413: mip =     not found yet <=   2.774000000e+03        (30922; 804)
Time used: 2581.7 secs.  Memory used: 118.0 Mb.
+428310: mip =     not found yet <=   2.774000000e+03        (30989; 805)
+429190: mip =     not found yet <=   2.774000000e+03        (31056; 806)
+429921: mip =     not found yet <=   2.774000000e+03        (31144; 807)
+431041: mip =     not found yet <=   2.774000000e+03        (31213; 809)
+432098: mip =     not found yet <=   2.774000000e+03        (31286; 810)
+433371: mip =     not found yet <=   2.774000000e+03        (31350; 812)
+434322: mip =     not found yet <=   2.774000000e+03        (31411; 814)
+435091: mip =     not found yet <=   2.774000000e+03        (31471; 815)
+435874: mip =     not found yet <=   2.774000000e+03        (31529; 817)
+436517: mip =     not found yet <=   2.774000000e+03        (31586; 818)
+437637: mip =     not found yet <=   2.774000000e+03        (31669; 820)
+438577: mip =     not found yet <=   2.774000000e+03        (31731; 821)
Time used: 2641.7 secs.  Memory used: 120.5 Mb.
+439489: mip =     not found yet <=   2.774000000e+03        (31802; 822)
+440587: mip =     not found yet <=   2.774000000e+03        (31857; 825)
+441785: mip =     not found yet <=   2.774000000e+03        (31927; 827)
+442409: mip =     not found yet <=   2.774000000e+03        (31992; 828)
+443367: mip =     not found yet <=   2.774000000e+03        (32054; 829)
+444266: mip =     not found yet <=   2.774000000e+03        (32124; 832)
+445213: mip =     not found yet <=   2.774000000e+03        (32188; 833)
+445951: mip =     not found yet <=   2.774000000e+03        (32250; 834)
+446881: mip =     not found yet <=   2.774000000e+03        (32315; 836)
+447644: mip =     not found yet <=   2.774000000e+03        (32388; 837)
+448564: mip =     not found yet <=   2.774000000e+03        (32448; 839)
+449133: mip =     not found yet <=   2.773000000e+03        (32495; 841)
Time used: 2701.8 secs.  Memory used: 123.1 Mb.
+450037: mip =     not found yet <=   2.773000000e+03        (32565; 842)
+451015: mip =     not found yet <=   2.773000000e+03        (32630; 844)
+451702: mip =     not found yet <=   2.773000000e+03        (32688; 845)
+452510: mip =     not found yet <=   2.773000000e+03        (32747; 847)
+453327: mip =     not found yet <=   2.773000000e+03        (32813; 848)
+454452: mip =     not found yet <=   2.773000000e+03        (32877; 852)
+455208: mip =     not found yet <=   2.773000000e+03        (32935; 854)
+456147: mip =     not found yet <=   2.773000000e+03        (32993; 855)
+456768: mip =     not found yet <=   2.773000000e+03        (33053; 858)
+457564: mip =     not found yet <=   2.773000000e+03        (33106; 859)
+458503: mip =     not found yet <=   2.773000000e+03        (33159; 860)
Time used: 2761.8 secs.  Memory used: 125.5 Mb.
+459459: mip =     not found yet <=   2.773000000e+03        (33224; 862)
+460634: mip =     not found yet <=   2.773000000e+03        (33296; 863)
+461809: mip =     not found yet <=   2.773000000e+03        (33369; 865)
+462681: mip =     not found yet <=   2.773000000e+03        (33429; 866)
+463632: mip =     not found yet <=   2.773000000e+03        (33498; 869)
+465025: mip =     not found yet <=   2.773000000e+03        (33589; 870)
+465765: mip =     not found yet <=   2.773000000e+03        (33657; 871)
+466840: mip =     not found yet <=   2.773000000e+03        (33727; 873)
+467689: mip =     not found yet <=   2.773000000e+03        (33792; 875)
+468463: mip =     not found yet <=   2.773000000e+03        (33861; 876)
+469180: mip =     not found yet <=   2.773000000e+03        (33935; 877)
+470177: mip =     not found yet <=   2.773000000e+03        (34001; 881)
Time used: 2821.8 secs.  Memory used: 128.1 Mb.
+471009: mip =     not found yet <=   2.773000000e+03        (34069; 882)
+472338: mip =     not found yet <=   2.773000000e+03        (34139; 884)
+473216: mip =     not found yet <=   2.773000000e+03        (34224; 885)
+474003: mip =     not found yet <=   2.773000000e+03        (34300; 886)
+474911: mip =     not found yet <=   2.773000000e+03        (34374; 888)
+475889: mip =     not found yet <=   2.773000000e+03        (34443; 890)
+476667: mip =     not found yet <=   2.773000000e+03        (34502; 892)
+477683: mip =     not found yet <=   2.773000000e+03        (34573; 895)
+478427: mip =     not found yet <=   2.773000000e+03        (34647; 896)
+479504: mip =     not found yet <=   2.773000000e+03        (34728; 898)
+480231: mip =     not found yet <=   2.773000000e+03        (34800; 899)
+480984: mip =     not found yet <=   2.773000000e+03        (34863; 901)
Time used: 2881.9 secs.  Memory used: 131.1 Mb.
+481888: mip =     not found yet <=   2.773000000e+03        (34930; 902)
+482588: mip =     not found yet <=   2.773000000e+03        (34995; 904)
+483397: mip =     not found yet <=   2.773000000e+03        (35058; 906)
+484332: mip =     not found yet <=   2.773000000e+03        (35125; 908)
+485220: mip =     not found yet <=   2.773000000e+03        (35188; 910)
+486388: mip =     not found yet <=   2.773000000e+03        (35261; 911)
+487447: mip =     not found yet <=   2.773000000e+03        (35330; 915)
+488449: mip =     not found yet <=   2.773000000e+03        (35404; 916)
+489552: mip =     not found yet <=   2.772000000e+03        (35481; 919)
+490811: mip =     not found yet <=   2.772000000e+03        (35562; 921)
+491384: mip =     not found yet <=   2.772000000e+03        (35626; 922)
+492384: mip =     not found yet <=   2.772000000e+03        (35712; 924)
Time used: 2941.9 secs.  Memory used: 133.8 Mb.
+493408: mip =     not found yet <=   2.772000000e+03        (35786; 926)
+494478: mip =     not found yet <=   2.772000000e+03        (35860; 928)
+495579: mip =     not found yet <=   2.772000000e+03        (35950; 929)
+496482: mip =     not found yet <=   2.772000000e+03        (36024; 932)
+497081: mip =     not found yet <=   2.772000000e+03        (36094; 934)
+497848: mip =     not found yet <=   2.772000000e+03        (36161; 936)
+498748: mip =     not found yet <=   2.772000000e+03        (36230; 937)
+499964: mip =     not found yet <=   2.772000000e+03        (36301; 939)
+500983: mip =     not found yet <=   2.772000000e+03        (36373; 941)
+502164: mip =     not found yet <=   2.772000000e+03        (36435; 943)
+503357: mip =     not found yet <=   2.772000000e+03        (36498; 945)
+504243: mip =     not found yet <=   2.772000000e+03        (36572; 947)
Time used: 3001.9 secs.  Memory used: 136.7 Mb.
+505057: mip =     not found yet <=   2.772000000e+03        (36637; 949)
+505988: mip =     not found yet <=   2.772000000e+03        (36698; 951)
+506723: mip =     not found yet <=   2.772000000e+03        (36768; 952)
+507671: mip =     not found yet <=   2.772000000e+03        (36833; 954)
+508637: mip =     not found yet <=   2.772000000e+03        (36888; 956)
+509455: mip =     not found yet <=   2.772000000e+03        (36956; 958)
+510210: mip =     not found yet <=   2.772000000e+03        (37020; 959)
+511132: mip =     not found yet <=   2.772000000e+03        (37088; 961)
+512015: mip =     not found yet <=   2.772000000e+03        (37151; 963)
+512884: mip =     not found yet <=   2.772000000e+03        (37220; 964)
+513943: mip =     not found yet <=   2.772000000e+03        (37296; 966)
+514769: mip =     not found yet <=   2.772000000e+03        (37358; 967)
Time used: 3061.9 secs.  Memory used: 139.5 Mb.
+515782: mip =     not found yet <=   2.772000000e+03        (37434; 968)
+516975: mip =     not found yet <=   2.772000000e+03        (37491; 970)
+517940: mip =     not found yet <=   2.772000000e+03        (37554; 971)
+518654: mip =     not found yet <=   2.772000000e+03        (37614; 972)
+519393: mip =     not found yet <=   2.772000000e+03        (37685; 973)
+520383: mip =     not found yet <=   2.772000000e+03        (37754; 974)
+521212: mip =     not found yet <=   2.772000000e+03        (37821; 976)
+522073: mip =     not found yet <=   2.772000000e+03        (37884; 978)
+522737: mip =     not found yet <=   2.772000000e+03        (37944; 979)
+523480: mip =     not found yet <=   2.772000000e+03        (38010; 980)
+524256: mip =     not found yet <=   2.771000000e+03        (38077; 982)
+525015: mip =     not found yet <=   2.771000000e+03        (38141; 983)
Time used: 3122.0 secs.  Memory used: 142.1 Mb.
+526250: mip =     not found yet <=   2.771000000e+03        (38212; 985)
+527101: mip =     not found yet <=   2.771000000e+03        (38280; 986)
+527897: mip =     not found yet <=   2.771000000e+03        (38347; 989)
+528535: mip =     not found yet <=   2.771000000e+03        (38412; 989)
+529644: mip =     not found yet <=   2.771000000e+03        (38475; 992)
+530248: mip =     not found yet <=   2.771000000e+03        (38546; 993)
+531041: mip =     not found yet <=   2.771000000e+03        (38611; 995)
+531729: mip =     not found yet <=   2.771000000e+03        (38669; 996)
+532455: mip =     not found yet <=   2.771000000e+03        (38730; 998)
+533391: mip =     not found yet <=   2.771000000e+03        (38797; 1000)
+534213: mip =     not found yet <=   2.771000000e+03        (38862; 1003)
+535144: mip =     not found yet <=   2.771000000e+03        (38931; 1005)
Time used: 3182.0 secs.  Memory used: 144.5 Mb.
+536021: mip =     not found yet <=   2.771000000e+03        (39001; 1007)
+536651: mip =     not found yet <=   2.771000000e+03        (39068; 1008)
+537432: mip =     not found yet <=   2.771000000e+03        (39128; 1009)
+538711: mip =     not found yet <=   2.771000000e+03        (39202; 1011)
+539186: mip =     not found yet <=   2.771000000e+03        (39257; 1013)
+539900: mip =     not found yet <=   2.771000000e+03        (39319; 1015)
+541340: mip =     not found yet <=   2.771000000e+03        (39390; 1017)
+542279: mip =     not found yet <=   2.771000000e+03        (39457; 1018)
+543085: mip =     not found yet <=   2.771000000e+03        (39508; 1022)
+544178: mip =     not found yet <=   2.771000000e+03        (39574; 1023)
+544939: mip =     not found yet <=   2.771000000e+03        (39645; 1024)
+545814: mip =     not found yet <=   2.771000000e+03        (39708; 1025)
Time used: 3242.0 secs.  Memory used: 147.2 Mb.
+546670: mip =     not found yet <=   2.771000000e+03        (39766; 1026)
+547539: mip =     not found yet <=   2.771000000e+03        (39819; 1029)
+548617: mip =     not found yet <=   2.771000000e+03        (39877; 1033)
+550060: mip =     not found yet <=   2.771000000e+03        (39949; 1034)
+551161: mip =     not found yet <=   2.771000000e+03        (40018; 1036)
+551920: mip =     not found yet <=   2.771000000e+03        (40084; 1037)
+552696: mip =     not found yet <=   2.771000000e+03        (40141; 1040)
+553600: mip =     not found yet <=   2.771000000e+03        (40198; 1043)
+554653: mip =     not found yet <=   2.771000000e+03        (40265; 1045)
+555396: mip =     not found yet <=   2.771000000e+03        (40325; 1047)
+556397: mip =     not found yet <=   2.771000000e+03        (40387; 1048)
+557168: mip =     not found yet <=   2.771000000e+03        (40444; 1050)
Time used: 3302.1 secs.  Memory used: 151.1 Mb.
+557985: mip =     not found yet <=   2.771000000e+03        (40520; 1051)
+558929: mip =     not found yet <=   2.771000000e+03        (40581; 1052)
+559749: mip =     not found yet <=   2.770000000e+03        (40642; 1054)
+560656: mip =     not found yet <=   2.770000000e+03        (40706; 1056)
+561613: mip =     not found yet <=   2.770000000e+03        (40773; 1057)
+562484: mip =     not found yet <=   2.770000000e+03        (40843; 1058)
+563429: mip =     not found yet <=   2.770000000e+03        (40916; 1060)
+564304: mip =     not found yet <=   2.770000000e+03        (40978; 1062)
+565231: mip =     not found yet <=   2.770000000e+03        (41054; 1063)
+566175: mip =     not found yet <=   2.770000000e+03        (41111; 1065)
+567164: mip =     not found yet <=   2.770000000e+03        (41181; 1067)
+568302: mip =     not found yet <=   2.770000000e+03        (41250; 1069)
Time used: 3362.1 secs.  Memory used: 153.8 Mb.
+569213: mip =     not found yet <=   2.770000000e+03        (41309; 1071)
+570056: mip =     not found yet <=   2.770000000e+03        (41371; 1072)
+571128: mip =     not found yet <=   2.770000000e+03        (41430; 1074)
+572219: mip =     not found yet <=   2.770000000e+03        (41495; 1077)
+572949: mip =     not found yet <=   2.770000000e+03        (41560; 1078)
+573763: mip =     not found yet <=   2.770000000e+03        (41626; 1079)
+574496: mip =     not found yet <=   2.770000000e+03        (41681; 1081)
+575544: mip =     not found yet <=   2.770000000e+03        (41746; 1082)
+576516: mip =     not found yet <=   2.770000000e+03        (41810; 1084)
+577613: mip =     not found yet <=   2.770000000e+03        (41872; 1086)
+578381: mip =     not found yet <=   2.770000000e+03        (41935; 1087)
+579885: mip =     not found yet <=   2.770000000e+03        (42023; 1089)
Time used: 3422.1 secs.  Memory used: 156.4 Mb.
+580853: mip =     not found yet <=   2.770000000e+03        (42091; 1091)
+581793: mip =     not found yet <=   2.770000000e+03        (42163; 1093)
+582507: mip =     not found yet <=   2.770000000e+03        (42243; 1094)
+583390: mip =     not found yet <=   2.770000000e+03        (42309; 1097)
+584071: mip =     not found yet <=   2.770000000e+03        (42375; 1099)
+584949: mip =     not found yet <=   2.770000000e+03        (42438; 1100)
+586238: mip =     not found yet <=   2.770000000e+03        (42510; 1102)
+587177: mip =     not found yet <=   2.770000000e+03        (42582; 1104)
+587961: mip =     not found yet <=   2.770000000e+03        (42656; 1105)
+589170: mip =     not found yet <=   2.770000000e+03        (42730; 1106)
+590148: mip =     not found yet <=   2.770000000e+03        (42804; 1108)
Time used: 3482.2 secs.  Memory used: 159.2 Mb.
+591058: mip =     not found yet <=   2.770000000e+03        (42876; 1109)
+592032: mip =     not found yet <=   2.770000000e+03        (42963; 1111)
+593290: mip =     not found yet <=   2.770000000e+03        (43038; 1113)
+594669: mip =     not found yet <=   2.770000000e+03        (43110; 1116)
+595758: mip =     not found yet <=   2.770000000e+03        (43190; 1117)
+597145: mip =     not found yet <=   2.770000000e+03        (43273; 1120)
+598248: mip =     not found yet <=   2.770000000e+03        (43357; 1122)
+599368: mip =     not found yet <=   2.770000000e+03        (43425; 1124)
+600249: mip =     not found yet <=   2.770000000e+03        (43491; 1125)
+601323: mip =     not found yet <=   2.770000000e+03        (43569; 1127)
+602415: mip =     not found yet <=   2.770000000e+03        (43637; 1129)
+603439: mip =     not found yet <=   2.770000000e+03        (43713; 1130)
Time used: 3542.2 secs.  Memory used: 162.3 Mb.
+604323: mip =     not found yet <=   2.770000000e+03        (43787; 1131)
+605447: mip =     not found yet <=   2.770000000e+03        (43868; 1133)
+606593: mip =     not found yet <=   2.769000000e+03        (43945; 1135)
+607604: mip =     not found yet <=   2.769000000e+03        (44023; 1137)
+608683: mip =     not found yet <=   2.769000000e+03        (44087; 1141)
+609712: mip =     not found yet <=   2.769000000e+03        (44160; 1143)
+610790: mip =     not found yet <=   2.769000000e+03        (44232; 1145)
+611761: mip =     not found yet <=   2.769000000e+03        (44304; 1148)
+612869: mip =     not found yet <=   2.769000000e+03        (44369; 1151)
+614170: mip =     not found yet <=   2.769000000e+03        (44453; 1152)
+615371: mip =     not found yet <=   2.769000000e+03        (44518; 1154)
+616552: mip =     not found yet <=   2.769000000e+03        (44601; 1156)
+616958: mip =     not found yet <=   2.769000000e+03        (44623; 1158)
TIME LIMIT EXCEEDED; SEARCH TERMINATED
Time used:   3600.2 secs
Memory used: 167.3 Mb (175418618 bytes)
Writing MIP solution to 'solutions/eil76.sol'...
