GLPSOL: GLPK LP/MIP Solver, v4.57
Parameter(s) specified in the command line:
 -m orientering_problem.mod -d data/kroA200.dat -o solutions/kroA200.sol --tmlim
 3600
Reading model section from orientering_problem.mod...
38 lines were read
Reading data section from data/kroA200.dat...
data/kroA200.dat:407: warning: final NL missing before end of file
407 lines were read
Generating obj...
Generating c1...
Generating c2...
Generating c3...
Generating c4...
Generating c5...
Generating c6...
Generating c7...
Generating c8...
Generating c9...
Generating c10...
Model has been successfully generated
GLPK Integer Optimizer, v4.57
40603 rows, 40400 columns, 358004 non-zeros
40200 integer variables, all of which are binary
Preprocessing...
40203 rows, 40200 columns, 357207 non-zeros
40001 integer variables, all of which are binary
Scaling...
 A: min|aij| =  1.000e+00  max|aij| =  4.293e+03  ratio =  4.293e+03
GM: min|aij| =  2.339e-01  max|aij| =  4.275e+00  ratio =  1.828e+01
EQ: min|aij| =  5.493e-02  max|aij| =  1.000e+00  ratio =  1.820e+01
2N: min|aij| =  3.516e-02  max|aij| =  1.555e+00  ratio =  4.422e+01
Constructing initial basis...
Size of triangular part is 40201
Solving LP relaxation...
GLPK Simplex Optimizer, v4.57
40203 rows, 40200 columns, 357207 non-zeros
      0: obj =   8.400000000e+01 inf =   1.000e+00 (1)
      1: obj =   8.400000000e+01 inf =   0.000e+00 (0)
*   500: obj =   6.723216126e+03 inf =   9.129e-14 (13709) 2
*  1000: obj =   8.742749968e+03 inf =   5.987e-15 (126) 4
*  1079: obj =   8.766955487e+03 inf =   2.487e-14 (0) 1
OPTIMAL LP SOLUTION FOUND
Integer optimization begins...
+  1079: mip =     not found yet <=              +inf        (1; 0)
+  1083: mip =     not found yet <=   8.766000000e+03        (4; 0)
+  1087: mip =     not found yet <=   8.766000000e+03        (6; 0)
+  1090: mip =     not found yet <=   8.766000000e+03        (8; 0)
+  1093: mip =     not found yet <=   8.766000000e+03        (11; 0)
+  1096: mip =     not found yet <=   8.766000000e+03        (14; 0)
+  1102: mip =     not found yet <=   8.766000000e+03        (17; 0)
+  1110: mip =     not found yet <=   8.765000000e+03        (20; 0)
+  1117: mip =     not found yet <=   8.765000000e+03        (23; 0)
+  1128: mip =     not found yet <=   8.765000000e+03        (26; 0)
Time used: 62.1 secs.  Memory used: 109.6 Mb.
+  1136: mip =     not found yet <=   8.764000000e+03        (29; 0)
+  1142: mip =     not found yet <=   8.764000000e+03        (31; 0)
+  1171: mip =     not found yet <=   8.764000000e+03        (34; 0)
+  1177: mip =     not found yet <=   8.764000000e+03        (37; 0)
+  1226: mip =     not found yet <=   8.764000000e+03        (39; 0)
+  1239: mip =     not found yet <=   8.764000000e+03        (42; 0)
+  1249: mip =     not found yet <=   8.764000000e+03        (44; 0)
+  1268: mip =     not found yet <=   8.764000000e+03        (47; 0)
+  1291: mip =     not found yet <=   8.764000000e+03        (49; 0)
Time used: 123.8 secs.  Memory used: 109.8 Mb.
+  1301: mip =     not found yet <=   8.764000000e+03        (52; 0)
+  1323: mip =     not found yet <=   8.764000000e+03        (55; 0)
+  1354: mip =     not found yet <=   8.764000000e+03        (57; 0)
+  1361: mip =     not found yet <=   8.764000000e+03        (59; 0)
+  1411: mip =     not found yet <=   8.764000000e+03        (62; 0)
+  1442: mip =     not found yet <=   8.764000000e+03        (65; 0)
+  1514: mip =     not found yet <=   8.764000000e+03        (68; 0)
+  1523: mip =     not found yet <=   8.764000000e+03        (71; 0)
+  1577: mip =     not found yet <=   8.764000000e+03        (74; 0)
Time used: 184.7 secs.  Memory used: 110.0 Mb.
+  1586: mip =     not found yet <=   8.764000000e+03        (77; 0)
+  1603: mip =     not found yet <=   8.764000000e+03        (80; 0)
+  1694: mip =     not found yet <=   8.764000000e+03        (82; 0)
+  1710: mip =     not found yet <=   8.764000000e+03        (85; 0)
+  1747: mip =     not found yet <=   8.764000000e+03        (87; 0)
+  1792: mip =     not found yet <=   8.764000000e+03        (90; 0)
+  1826: mip =     not found yet <=   8.764000000e+03        (93; 0)
+  1840: mip =     not found yet <=   8.764000000e+03        (96; 0)
+  1878: mip =     not found yet <=   8.764000000e+03        (99; 0)
+  1927: mip =     not found yet <=   8.764000000e+03        (101; 0)
+  1986: mip =     not found yet <=   8.764000000e+03        (103; 0)
Time used: 245.6 secs.  Memory used: 110.3 Mb.
+  2023: mip =     not found yet <=   8.764000000e+03        (106; 0)
+  2045: mip =     not found yet <=   8.764000000e+03        (109; 0)
+  2050: mip =     not found yet <=   8.764000000e+03        (112; 0)
+  2056: mip =     not found yet <=   8.764000000e+03        (115; 0)
+  2130: mip =     not found yet <=   8.764000000e+03        (118; 0)
+  2171: mip =     not found yet <=   8.764000000e+03        (121; 0)
+  2273: mip =     not found yet <=   8.764000000e+03        (125; 0)
+  2303: mip =     not found yet <=   8.764000000e+03        (129; 0)
+  2361: mip =     not found yet <=   8.764000000e+03        (132; 0)
+  2384: mip =     not found yet <=   8.764000000e+03        (136; 0)
Time used: 305.8 secs.  Memory used: 110.5 Mb.
+  2448: mip =     not found yet <=   8.764000000e+03        (139; 0)
+  2510: mip =     not found yet <=   8.764000000e+03        (143; 0)
+  2613: mip =     not found yet <=   8.764000000e+03        (148; 0)
+  2683: mip =     not found yet <=   8.764000000e+03        (153; 0)
+  2708: mip =     not found yet <=   8.764000000e+03        (158; 0)
+  2766: mip =     not found yet <=   8.764000000e+03        (163; 0)
+  2881: mip =     not found yet <=   8.764000000e+03        (168; 0)
+  2914: mip =     not found yet <=   8.764000000e+03        (173; 0)
+  2992: mip =     not found yet <=   8.764000000e+03        (177; 0)
+  3034: mip =     not found yet <=   8.764000000e+03        (182; 0)
+  3144: mip =     not found yet <=   8.764000000e+03        (188; 0)
Time used: 365.9 secs.  Memory used: 111.0 Mb.
+  3246: mip =     not found yet <=   8.764000000e+03        (194; 0)
+  3397: mip =     not found yet <=   8.764000000e+03        (196; 1)
+  3405: mip =     not found yet <=   8.764000000e+03        (199; 1)
+  3417: mip =     not found yet <=   8.764000000e+03        (202; 1)
+  3448: mip =     not found yet <=   8.764000000e+03        (204; 1)
+  3469: mip =     not found yet <=   8.764000000e+03        (206; 1)
+  3481: mip =     not found yet <=   8.764000000e+03        (208; 1)
+  3490: mip =     not found yet <=   8.764000000e+03        (210; 1)
+  3525: mip =     not found yet <=   8.764000000e+03        (212; 1)
Time used: 427.8 secs.  Memory used: 111.2 Mb.
+  3545: mip =     not found yet <=   8.764000000e+03        (214; 1)
+  3570: mip =     not found yet <=   8.764000000e+03        (217; 1)
+  3576: mip =     not found yet <=   8.764000000e+03        (219; 1)
+  3580: mip =     not found yet <=   8.764000000e+03        (221; 1)
+  3583: mip =     not found yet <=   8.764000000e+03        (223; 1)
+  3608: mip =     not found yet <=   8.764000000e+03        (225; 1)
+  3616: mip =     not found yet <=   8.764000000e+03        (227; 1)
+  3645: mip =     not found yet <=   8.764000000e+03        (229; 1)
+  3733: mip =     not found yet <=   8.764000000e+03        (231; 1)
Time used: 487.9 secs.  Memory used: 111.3 Mb.
+  3770: mip =     not found yet <=   8.764000000e+03        (234; 1)
+  3782: mip =     not found yet <=   8.764000000e+03        (236; 1)
+  3792: mip =     not found yet <=   8.764000000e+03        (239; 1)
+  3806: mip =     not found yet <=   8.764000000e+03        (242; 1)
+  3844: mip =     not found yet <=   8.764000000e+03        (245; 1)
+  3901: mip =     not found yet <=   8.764000000e+03        (247; 1)
+  3911: mip =     not found yet <=   8.764000000e+03        (248; 2)
+  3925: mip =     not found yet <=   8.763000000e+03        (250; 2)
+  3929: mip =     not found yet <=   8.763000000e+03        (252; 2)
+  3963: mip =     not found yet <=   8.741000000e+03        (253; 2)
+  3998: mip =     not found yet <=   8.741000000e+03        (255; 2)
Time used: 549.0 secs.  Memory used: 111.5 Mb.
+  4007: mip =     not found yet <=   8.741000000e+03        (258; 2)
+  4018: mip =     not found yet <=   8.741000000e+03        (261; 2)
+  4022: mip =     not found yet <=   8.741000000e+03        (263; 2)
+  4026: mip =     not found yet <=   8.741000000e+03        (266; 2)
+  4030: mip =     not found yet <=   8.741000000e+03        (269; 2)
+  4041: mip =     not found yet <=   8.741000000e+03        (272; 2)
+  4050: mip =     not found yet <=   8.741000000e+03        (275; 2)
+  4081: mip =     not found yet <=   8.741000000e+03        (276; 2)
+  4116: mip =     not found yet <=   8.741000000e+03        (279; 2)
Time used: 611.0 secs.  Memory used: 111.6 Mb.
+  4127: mip =     not found yet <=   8.741000000e+03        (282; 2)
+  4157: mip =     not found yet <=   8.741000000e+03        (284; 2)
+  4175: mip =     not found yet <=   8.741000000e+03        (287; 2)
+  4203: mip =     not found yet <=   8.741000000e+03        (289; 2)
+  4254: mip =     not found yet <=   8.741000000e+03        (292; 2)
+  4323: mip =     not found yet <=   8.741000000e+03        (294; 2)
+  4331: mip =     not found yet <=   8.741000000e+03        (297; 2)
+  4351: mip =     not found yet <=   8.741000000e+03        (300; 2)
+  4364: mip =     not found yet <=   8.741000000e+03        (303; 2)
Time used: 671.9 secs.  Memory used: 111.8 Mb.
+  4386: mip =     not found yet <=   8.741000000e+03        (306; 2)
+  4419: mip =     not found yet <=   8.741000000e+03        (308; 2)
+  4439: mip =     not found yet <=   8.741000000e+03        (310; 2)
+  4463: mip =     not found yet <=   8.741000000e+03        (313; 2)
+  4485: mip =     not found yet <=   8.741000000e+03        (316; 2)
+  4513: mip =     not found yet <=   8.741000000e+03        (319; 2)
+  4559: mip =     not found yet <=   8.741000000e+03        (321; 2)
+  4578: mip =     not found yet <=   8.741000000e+03        (324; 2)
+  4588: mip =     not found yet <=   8.741000000e+03        (326; 2)
+  4634: mip =     not found yet <=   8.741000000e+03        (329; 2)
Time used: 732.3 secs.  Memory used: 112.0 Mb.
+  4684: mip =     not found yet <=   8.741000000e+03        (331; 2)
+  4717: mip =     not found yet <=   8.741000000e+03        (333; 2)
+  4726: mip =     not found yet <=   8.741000000e+03        (335; 2)
+  4760: mip =     not found yet <=   8.741000000e+03        (337; 2)
+  4799: mip =     not found yet <=   8.741000000e+03        (338; 2)
+  4882: mip =     not found yet <=   8.741000000e+03        (341; 2)
+  4931: mip =     not found yet <=   8.741000000e+03        (344; 2)
+  5000: mip =     not found yet <=   8.741000000e+03        (347; 2)
+  5093: mip =     not found yet <=   8.741000000e+03        (350; 2)
+  5166: mip =     not found yet <=   8.741000000e+03        (354; 2)
Time used: 793.5 secs.  Memory used: 112.3 Mb.
+  5223: mip =     not found yet <=   8.741000000e+03        (358; 2)
+  5256: mip =     not found yet <=   8.741000000e+03        (363; 2)
+  5309: mip =     not found yet <=   8.741000000e+03        (367; 2)
+  5343: mip =     not found yet <=   8.739000000e+03        (369; 3)
+  5402: mip =     not found yet <=   8.739000000e+03        (371; 3)
+  5429: mip =     not found yet <=   8.739000000e+03        (373; 3)
+  5471: mip =     not found yet <=   8.739000000e+03        (375; 4)
+  5478: mip =     not found yet <=   8.739000000e+03        (377; 4)
+  5534: mip =     not found yet <=   8.739000000e+03        (380; 4)
+  5554: mip =     not found yet <=   8.739000000e+03        (382; 4)
Time used: 854.6 secs.  Memory used: 112.6 Mb.
+  5568: mip =     not found yet <=   8.739000000e+03        (385; 4)
+  5612: mip =     not found yet <=   8.739000000e+03        (387; 4)
+  5621: mip =     not found yet <=   8.739000000e+03        (389; 5)
+  5654: mip =     not found yet <=   8.739000000e+03        (391; 5)
+  5670: mip =     not found yet <=   8.739000000e+03        (393; 5)
+  5693: mip =     not found yet <=   8.739000000e+03        (396; 5)
+  5734: mip =     not found yet <=   8.739000000e+03        (398; 5)
+  5755: mip =     not found yet <=   8.738000000e+03        (400; 6)
+  5770: mip =     not found yet <=   8.738000000e+03        (403; 6)
+  5806: mip =     not found yet <=   8.736000000e+03        (405; 6)
Time used: 916.5 secs.  Memory used: 112.8 Mb.
+  5838: mip =     not found yet <=   8.736000000e+03        (407; 6)
+  5851: mip =     not found yet <=   8.736000000e+03        (410; 6)
+  5865: mip =     not found yet <=   8.736000000e+03        (413; 6)
+  5876: mip =     not found yet <=   8.736000000e+03        (415; 7)
+  5894: mip =     not found yet <=   8.736000000e+03        (417; 7)
+  5922: mip =     not found yet <=   8.736000000e+03        (420; 7)
+  5989: mip =     not found yet <=   8.736000000e+03        (422; 7)
+  5998: mip =     not found yet <=   8.736000000e+03        (425; 7)
+  6007: mip =     not found yet <=   8.736000000e+03        (428; 7)
Time used: 978.0 secs.  Memory used: 113.0 Mb.
+  6040: mip =     not found yet <=   8.736000000e+03        (430; 7)
+  6050: mip =     not found yet <=   8.736000000e+03        (433; 7)
+  6056: mip =     not found yet <=   8.736000000e+03        (435; 7)
+  6066: mip =     not found yet <=   8.736000000e+03        (437; 7)
+  6086: mip =     not found yet <=   8.736000000e+03        (439; 7)
+  6123: mip =     not found yet <=   8.736000000e+03        (441; 7)
+  6163: mip =     not found yet <=   8.736000000e+03        (444; 7)
+  6186: mip =     not found yet <=   8.736000000e+03        (447; 7)
+  6220: mip =     not found yet <=   8.736000000e+03        (450; 7)
+  6230: mip =     not found yet <=   8.736000000e+03        (453; 7)
Time used: 1040.2 secs.  Memory used: 113.1 Mb.
+  6261: mip =     not found yet <=   8.736000000e+03        (454; 8)
+  6265: mip =     not found yet <=   8.736000000e+03        (456; 8)
+  6322: mip =     not found yet <=   8.736000000e+03        (458; 8)
+  6330: mip =     not found yet <=   8.736000000e+03        (461; 8)
+  6346: mip =     not found yet <=   8.736000000e+03        (464; 8)
+  6354: mip =     not found yet <=   8.736000000e+03        (467; 8)
+  6369: mip =     not found yet <=   8.736000000e+03        (469; 8)
+  6393: mip =     not found yet <=   8.736000000e+03        (471; 8)
+  6418: mip =     not found yet <=   8.736000000e+03        (473; 9)
Time used: 1100.3 secs.  Memory used: 113.3 Mb.
+  6432: mip =     not found yet <=   8.735000000e+03        (475; 9)
+  6463: mip =     not found yet <=   8.735000000e+03        (478; 9)
+  6494: mip =     not found yet <=   8.735000000e+03        (480; 9)
+  6504: mip =     not found yet <=   8.735000000e+03        (483; 9)
+  6514: mip =     not found yet <=   8.735000000e+03        (486; 9)
+  6556: mip =     not found yet <=   8.735000000e+03        (489; 9)
+  6565: mip =     not found yet <=   8.735000000e+03        (492; 9)
+  6577: mip =     not found yet <=   8.735000000e+03        (494; 9)
+  6588: mip =     not found yet <=   8.735000000e+03        (497; 9)
Time used: 1160.5 secs.  Memory used: 113.4 Mb.
+  6604: mip =     not found yet <=   8.735000000e+03        (500; 9)
+  6612: mip =     not found yet <=   8.735000000e+03        (503; 9)
+  6623: mip =     not found yet <=   8.735000000e+03        (506; 9)
+  6644: mip =     not found yet <=   8.735000000e+03        (508; 9)
+  6686: mip =     not found yet <=   8.735000000e+03        (511; 9)
+  6710: mip =     not found yet <=   8.735000000e+03        (513; 9)
+  6717: mip =     not found yet <=   8.735000000e+03        (516; 9)
+  6741: mip =     not found yet <=   8.735000000e+03        (519; 9)
+  6751: mip =     not found yet <=   8.735000000e+03        (522; 9)
Time used: 1221.0 secs.  Memory used: 113.5 Mb.
+  6770: mip =     not found yet <=   8.735000000e+03        (525; 9)
+  6827: mip =     not found yet <=   8.735000000e+03        (527; 9)
+  6889: mip =     not found yet <=   8.735000000e+03        (529; 9)
+  6928: mip =     not found yet <=   8.735000000e+03        (532; 9)
+  6956: mip =     not found yet <=   8.735000000e+03        (535; 9)
+  7026: mip =     not found yet <=   8.735000000e+03        (538; 9)
+  7040: mip =     not found yet <=   8.735000000e+03        (541; 9)
+  7086: mip =     not found yet <=   8.735000000e+03        (544; 9)
+  7110: mip =     not found yet <=   8.735000000e+03        (547; 9)
+  7125: mip =     not found yet <=   8.735000000e+03        (550; 9)
Time used: 1282.2 secs.  Memory used: 113.6 Mb.
+  7137: mip =     not found yet <=   8.735000000e+03        (553; 9)
+  7178: mip =     not found yet <=   8.735000000e+03        (556; 9)
+  7206: mip =     not found yet <=   8.735000000e+03        (559; 9)
+  7226: mip =     not found yet <=   8.735000000e+03        (562; 9)
+  7237: mip =     not found yet <=   8.735000000e+03        (565; 9)
+  7359: mip =     not found yet <=   8.735000000e+03        (567; 9)
+  7420: mip =     not found yet <=   8.735000000e+03        (570; 9)
+  7505: mip =     not found yet <=   8.735000000e+03        (573; 9)
+  7520: mip =     not found yet <=   8.735000000e+03        (576; 9)
+  7565: mip =     not found yet <=   8.735000000e+03        (579; 9)
Time used: 1342.7 secs.  Memory used: 113.8 Mb.
+  7675: mip =     not found yet <=   8.735000000e+03        (582; 9)
+  7741: mip =     not found yet <=   8.735000000e+03        (585; 9)
+  7794: mip =     not found yet <=   8.735000000e+03        (589; 9)
+  7920: mip =     not found yet <=   8.735000000e+03        (593; 9)
+  7991: mip =     not found yet <=   8.735000000e+03        (597; 9)
+  8046: mip =     not found yet <=   8.735000000e+03        (600; 9)
+  8101: mip =     not found yet <=   8.735000000e+03        (604; 9)
+  8185: mip =     not found yet <=   8.735000000e+03        (607; 9)
+  8227: mip =     not found yet <=   8.735000000e+03        (612; 9)
+  8258: mip =     not found yet <=   8.735000000e+03        (617; 9)
+  8291: mip =     not found yet <=   8.735000000e+03        (622; 9)
Time used: 1403.1 secs.  Memory used: 114.2 Mb.
+  8374: mip =     not found yet <=   8.735000000e+03        (627; 9)
+  8448: mip =     not found yet <=   8.735000000e+03        (631; 9)
+  8483: mip =     not found yet <=   8.735000000e+03        (635; 9)
+  8509: mip =     not found yet <=   8.735000000e+03        (639; 9)
+  8540: mip =     not found yet <=   8.735000000e+03        (644; 9)
+  8557: mip =     not found yet <=   8.735000000e+03        (649; 9)
+  8663: mip =     not found yet <=   8.735000000e+03        (653; 9)
+  8784: mip =     not found yet <=   8.735000000e+03        (658; 9)
+  8936: mip =     not found yet <=   8.735000000e+03        (663; 9)
+  9164: mip =     not found yet <=   8.723000000e+03        (666; 10)
Time used: 1464.6 secs.  Memory used: 114.5 Mb.
+  9171: mip =     not found yet <=   8.723000000e+03        (669; 10)
+  9180: mip =     not found yet <=   8.723000000e+03        (671; 10)
+  9216: mip =     not found yet <=   8.723000000e+03        (673; 10)
+  9230: mip =     not found yet <=   8.723000000e+03        (676; 10)
+  9237: mip =     not found yet <=   8.723000000e+03        (678; 10)
+  9271: mip =     not found yet <=   8.723000000e+03        (681; 10)
+  9292: mip =     not found yet <=   8.723000000e+03        (683; 10)
+  9324: mip =     not found yet <=   8.723000000e+03        (685; 10)
+  9333: mip =     not found yet <=   8.723000000e+03        (688; 10)
+  9373: mip =     not found yet <=   8.723000000e+03        (690; 10)
Time used: 1524.7 secs.  Memory used: 114.7 Mb.
+  9390: mip =     not found yet <=   8.723000000e+03        (693; 10)
+  9402: mip =     not found yet <=   8.723000000e+03        (696; 10)
+  9425: mip =     not found yet <=   8.723000000e+03        (699; 10)
+  9438: mip =     not found yet <=   8.723000000e+03        (702; 10)
+  9457: mip =     not found yet <=   8.723000000e+03        (704; 10)
+  9477: mip =     not found yet <=   8.723000000e+03        (707; 10)
+  9508: mip =     not found yet <=   8.722000000e+03        (709; 11)
+  9524: mip =     not found yet <=   8.722000000e+03        (712; 11)
+  9535: mip =     not found yet <=   8.722000000e+03        (715; 11)
+  9539: mip =     not found yet <=   8.722000000e+03        (718; 11)
Time used: 1586.5 secs.  Memory used: 114.8 Mb.
+  9556: mip =     not found yet <=   8.722000000e+03        (721; 11)
+  9607: mip =     not found yet <=   8.722000000e+03        (723; 11)
+  9648: mip =     not found yet <=   8.722000000e+03        (725; 11)
+  9682: mip =     not found yet <=   8.722000000e+03        (727; 11)
+  9694: mip =     not found yet <=   8.722000000e+03        (729; 11)
+  9703: mip =     not found yet <=   8.722000000e+03        (732; 11)
+  9721: mip =     not found yet <=   8.722000000e+03        (735; 11)
+  9724: mip =     not found yet <=   8.722000000e+03        (737; 11)
+  9751: mip =     not found yet <=   8.722000000e+03        (740; 11)
+  9787: mip =     not found yet <=   8.722000000e+03        (742; 11)
Time used: 1648.3 secs.  Memory used: 115.1 Mb.
+  9811: mip =     not found yet <=   8.722000000e+03        (744; 11)
+  9833: mip =     not found yet <=   8.722000000e+03        (747; 11)
+  9848: mip =     not found yet <=   8.722000000e+03        (750; 11)
+  9873: mip =     not found yet <=   8.722000000e+03        (752; 11)
+  9904: mip =     not found yet <=   8.722000000e+03        (755; 11)
+  9922: mip =     not found yet <=   8.722000000e+03        (758; 11)
+  9966: mip =     not found yet <=   8.722000000e+03        (761; 11)
+  9971: mip =     not found yet <=   8.722000000e+03        (764; 11)
+  9981: mip =     not found yet <=   8.722000000e+03        (767; 11)
Time used: 1708.8 secs.  Memory used: 115.2 Mb.
+ 10017: mip =     not found yet <=   8.722000000e+03        (770; 11)
+ 10048: mip =     not found yet <=   8.722000000e+03        (773; 11)
+ 10058: mip =     not found yet <=   8.722000000e+03        (776; 11)
+ 10074: mip =     not found yet <=   8.722000000e+03        (779; 11)
+ 10086: mip =     not found yet <=   8.722000000e+03        (782; 11)
+ 10103: mip =     not found yet <=   8.722000000e+03        (785; 11)
+ 10144: mip =     not found yet <=   8.722000000e+03        (786; 12)
+ 10168: mip =     not found yet <=   8.722000000e+03        (789; 12)
+ 10176: mip =     not found yet <=   8.722000000e+03        (792; 12)
+ 10209: mip =     not found yet <=   8.722000000e+03        (794; 12)
Time used: 1771.1 secs.  Memory used: 115.5 Mb.
+ 10229: mip =     not found yet <=   8.722000000e+03        (797; 12)
+ 10236: mip =     not found yet <=   8.722000000e+03        (800; 12)
+ 10248: mip =     not found yet <=   8.722000000e+03        (802; 12)
+ 10318: mip =     not found yet <=   8.722000000e+03        (804; 12)
+ 10325: mip =     not found yet <=   8.722000000e+03        (807; 12)
+ 10342: mip =     not found yet <=   8.722000000e+03        (810; 12)
+ 10371: mip =     not found yet <=   8.722000000e+03        (813; 12)
+ 10377: mip =     not found yet <=   8.722000000e+03        (816; 12)
+ 10392: mip =     not found yet <=   8.722000000e+03        (819; 12)
+ 10410: mip =     not found yet <=   8.722000000e+03        (822; 12)
Time used: 1833.2 secs.  Memory used: 115.6 Mb.
+ 10425: mip =     not found yet <=   8.722000000e+03        (824; 12)
+ 10457: mip =     not found yet <=   8.722000000e+03        (827; 12)
+ 10478: mip =     not found yet <=   8.722000000e+03        (829; 12)
+ 10506: mip =     not found yet <=   8.722000000e+03        (831; 12)
+ 10531: mip =     not found yet <=   8.722000000e+03        (834; 12)
+ 10561: mip =     not found yet <=   8.722000000e+03        (837; 12)
+ 10601: mip =     not found yet <=   8.722000000e+03        (838; 13)
+ 10611: mip =     not found yet <=   8.722000000e+03        (841; 13)
+ 10621: mip =     not found yet <=   8.722000000e+03        (844; 13)
Time used: 1893.9 secs.  Memory used: 115.7 Mb.
+ 10625: mip =     not found yet <=   8.722000000e+03        (847; 13)
+ 10685: mip =     not found yet <=   8.722000000e+03        (849; 13)
+ 10734: mip =     not found yet <=   8.722000000e+03        (851; 13)
+ 10759: mip =     not found yet <=   8.722000000e+03        (853; 13)
+ 10833: mip =     not found yet <=   8.722000000e+03        (855; 13)
+ 10853: mip =     not found yet <=   8.722000000e+03        (857; 13)
+ 10898: mip =     not found yet <=   8.721000000e+03        (858; 14)
+ 10906: mip =     not found yet <=   8.721000000e+03        (861; 14)
+ 10912: mip =     not found yet <=   8.721000000e+03        (864; 14)
Time used: 1954.7 secs.  Memory used: 116.1 Mb.
+ 10924: mip =     not found yet <=   8.721000000e+03        (867; 14)
+ 10996: mip =     not found yet <=   8.721000000e+03        (868; 14)
+ 11000: mip =     not found yet <=   8.721000000e+03        (870; 14)
+ 11030: mip =     not found yet <=   8.721000000e+03        (872; 14)
+ 11038: mip =     not found yet <=   8.721000000e+03        (874; 14)
+ 11056: mip =     not found yet <=   8.721000000e+03        (876; 14)
+ 11059: mip =     not found yet <=   8.721000000e+03        (878; 14)
+ 11064: mip =     not found yet <=   8.721000000e+03        (880; 14)
+ 11073: mip =     not found yet <=   8.721000000e+03        (882; 14)
+ 11076: mip =     not found yet <=   8.721000000e+03        (884; 14)
+ 11081: mip =     not found yet <=   8.721000000e+03        (886; 14)
Time used: 2016.4 secs.  Memory used: 116.3 Mb.
+ 11096: mip =     not found yet <=   8.721000000e+03        (888; 14)
+ 11104: mip =     not found yet <=   8.721000000e+03        (890; 14)
+ 11138: mip =     not found yet <=   8.721000000e+03        (892; 14)
+ 11159: mip =     not found yet <=   8.721000000e+03        (894; 14)
+ 11195: mip =     not found yet <=   8.721000000e+03        (896; 14)
+ 11210: mip =     not found yet <=   8.721000000e+03        (899; 14)
+ 11244: mip =     not found yet <=   8.721000000e+03        (901; 14)
+ 11251: mip =     not found yet <=   8.721000000e+03        (904; 14)
+ 11318: mip =     not found yet <=   8.721000000e+03        (906; 14)
+ 11325: mip =     not found yet <=   8.721000000e+03        (908; 14)
Time used: 2077.1 secs.  Memory used: 116.5 Mb.
+ 11338: mip =     not found yet <=   8.721000000e+03        (910; 14)
+ 11341: mip =     not found yet <=   8.721000000e+03        (912; 14)
+ 11385: mip =     not found yet <=   8.721000000e+03        (914; 14)
+ 11417: mip =     not found yet <=   8.721000000e+03        (916; 14)
+ 11466: mip =     not found yet <=   8.721000000e+03        (918; 14)
+ 11477: mip =     not found yet <=   8.721000000e+03        (921; 14)
+ 11484: mip =     not found yet <=   8.721000000e+03        (924; 14)
+ 11523: mip =     not found yet <=   8.721000000e+03        (926; 14)
+ 11535: mip =     not found yet <=   8.721000000e+03        (929; 14)
Time used: 2137.3 secs.  Memory used: 116.7 Mb.
+ 11562: mip =     not found yet <=   8.721000000e+03        (931; 14)
+ 11582: mip =     not found yet <=   8.721000000e+03        (934; 14)
+ 11601: mip =     not found yet <=   8.721000000e+03        (937; 14)
+ 11661: mip =     not found yet <=   8.721000000e+03        (939; 14)
+ 11711: mip =     not found yet <=   8.721000000e+03        (942; 14)
+ 11730: mip =     not found yet <=   8.721000000e+03        (945; 14)
+ 11766: mip =     not found yet <=   8.721000000e+03        (948; 14)
+ 11780: mip =     not found yet <=   8.721000000e+03        (951; 14)
+ 11838: mip =     not found yet <=   8.721000000e+03        (953; 14)
+ 11845: mip =     not found yet <=   8.721000000e+03        (956; 14)
+ 11899: mip =     not found yet <=   8.721000000e+03        (958; 14)
Time used: 2198.7 secs.  Memory used: 116.9 Mb.
+ 11941: mip =     not found yet <=   8.721000000e+03        (961; 14)
+ 11999: mip =     not found yet <=   8.721000000e+03        (963; 14)
+ 12044: mip =     not found yet <=   8.721000000e+03        (966; 14)
+ 12164: mip =     not found yet <=   8.721000000e+03        (968; 14)
+ 12197: mip =     not found yet <=   8.721000000e+03        (971; 14)
+ 12260: mip =     not found yet <=   8.721000000e+03        (975; 14)
+ 12274: mip =     not found yet <=   8.721000000e+03        (979; 14)
+ 12312: mip =     not found yet <=   8.721000000e+03        (982; 15)
+ 12345: mip =     not found yet <=   8.721000000e+03        (984; 15)
+ 12381: mip =     not found yet <=   8.721000000e+03        (986; 15)
Time used: 2258.9 secs.  Memory used: 117.2 Mb.
+ 12404: mip =     not found yet <=   8.721000000e+03        (988; 15)
+ 12418: mip =     not found yet <=   8.721000000e+03        (990; 15)
+ 12442: mip =     not found yet <=   8.721000000e+03        (992; 15)
+ 12451: mip =     not found yet <=   8.721000000e+03        (994; 15)
+ 12464: mip =     not found yet <=   8.721000000e+03        (997; 15)
+ 12480: mip =     not found yet <=   8.721000000e+03        (999; 15)
+ 12495: mip =     not found yet <=   8.721000000e+03        (1002; 15)
+ 12509: mip =     not found yet <=   8.721000000e+03        (1004; 15)
+ 12523: mip =     not found yet <=   8.721000000e+03        (1006; 15)
+ 12527: mip =     not found yet <=   8.721000000e+03        (1009; 15)
Time used: 2319.7 secs.  Memory used: 117.3 Mb.
+ 12532: mip =     not found yet <=   8.721000000e+03        (1012; 15)
+ 12569: mip =     not found yet <=   8.721000000e+03        (1014; 15)
+ 12576: mip =     not found yet <=   8.721000000e+03        (1016; 15)
+ 12583: mip =     not found yet <=   8.721000000e+03        (1019; 15)
+ 12601: mip =     not found yet <=   8.721000000e+03        (1022; 15)
+ 12633: mip =     not found yet <=   8.721000000e+03        (1025; 15)
+ 12641: mip =     not found yet <=   8.721000000e+03        (1028; 15)
+ 12652: mip =     not found yet <=   8.721000000e+03        (1031; 15)
+ 12673: mip =     not found yet <=   8.721000000e+03        (1034; 15)
Time used: 2380.1 secs.  Memory used: 117.4 Mb.
+ 12690: mip =     not found yet <=   8.721000000e+03        (1037; 15)
+ 12704: mip =     not found yet <=   8.721000000e+03        (1039; 15)
+ 12748: mip =     not found yet <=   8.721000000e+03        (1042; 15)
+ 12799: mip =     not found yet <=   8.721000000e+03        (1045; 15)
+ 12809: mip =     not found yet <=   8.721000000e+03        (1048; 15)
+ 12829: mip =     not found yet <=   8.721000000e+03        (1051; 15)
+ 12865: mip =     not found yet <=   8.721000000e+03        (1054; 15)
+ 12876: mip =     not found yet <=   8.721000000e+03        (1056; 15)
+ 12962: mip =     not found yet <=   8.721000000e+03        (1059; 15)
+ 12979: mip =     not found yet <=   8.721000000e+03        (1062; 15)
Time used: 2440.3 secs.  Memory used: 117.6 Mb.
+ 13001: mip =     not found yet <=   8.721000000e+03        (1064; 15)
+ 13061: mip =     not found yet <=   8.721000000e+03        (1067; 15)
+ 13082: mip =     not found yet <=   8.721000000e+03        (1071; 15)
+ 13152: mip =     not found yet <=   8.721000000e+03        (1073; 15)
+ 13172: mip =     not found yet <=   8.721000000e+03        (1076; 15)
+ 13202: mip =     not found yet <=   8.721000000e+03        (1079; 15)
+ 13259: mip =     not found yet <=   8.721000000e+03        (1083; 15)
+ 13343: mip =     not found yet <=   8.721000000e+03        (1086; 15)
+ 13429: mip =     not found yet <=   8.721000000e+03        (1089; 15)
+ 13464: mip =     not found yet <=   8.721000000e+03        (1093; 15)
Time used: 2500.3 secs.  Memory used: 117.9 Mb.
+ 13516: mip =     not found yet <=   8.721000000e+03        (1097; 15)
+ 13624: mip =     not found yet <=   8.721000000e+03        (1100; 15)
+ 13648: mip =     not found yet <=   8.721000000e+03        (1105; 15)
+ 13686: mip =     not found yet <=   8.721000000e+03        (1108; 15)
+ 13776: mip =     not found yet <=   8.721000000e+03        (1111; 15)
+ 13841: mip =     not found yet <=   8.721000000e+03        (1116; 15)
+ 13910: mip =     not found yet <=   8.721000000e+03        (1121; 15)
+ 13948: mip =     not found yet <=   8.721000000e+03        (1125; 15)
+ 14075: mip =     not found yet <=   8.721000000e+03        (1129; 15)
+ 14166: mip =     not found yet <=   8.721000000e+03        (1134; 15)
+ 14240: mip =     not found yet <=   8.721000000e+03        (1140; 15)
Time used: 2560.6 secs.  Memory used: 118.3 Mb.
+ 14275: mip =     not found yet <=   8.721000000e+03        (1146; 15)
+ 14480: mip =     not found yet <=   8.719000000e+03        (1146; 16)
+ 14490: mip =     not found yet <=   8.719000000e+03        (1149; 16)
+ 14511: mip =     not found yet <=   8.719000000e+03        (1152; 16)
+ 14518: mip =     not found yet <=   8.719000000e+03        (1154; 17)
+ 14522: mip =     not found yet <=   8.719000000e+03        (1157; 17)
+ 14525: mip =     not found yet <=   8.719000000e+03        (1160; 17)
+ 14528: mip =     not found yet <=   8.719000000e+03        (1163; 17)
+ 14536: mip =     not found yet <=   8.719000000e+03        (1166; 17)
Time used: 2622.7 secs.  Memory used: 118.4 Mb.
+ 14543: mip =     not found yet <=   8.718000000e+03        (1169; 17)
+ 14554: mip =     not found yet <=   8.718000000e+03        (1172; 17)
+ 14564: mip =     not found yet <=   8.718000000e+03        (1175; 17)
+ 14579: mip =     not found yet <=   8.717000000e+03        (1178; 17)
+ 14588: mip =     not found yet <=   8.717000000e+03        (1180; 17)
+ 14614: mip =     not found yet <=   8.717000000e+03        (1182; 17)
+ 14626: mip =     not found yet <=   8.717000000e+03        (1185; 17)
+ 14633: mip =     not found yet <=   8.717000000e+03        (1188; 17)
+ 14641: mip =     not found yet <=   8.717000000e+03        (1191; 17)
Time used: 2683.8 secs.  Memory used: 118.6 Mb.
+ 14659: mip =     not found yet <=   8.717000000e+03        (1194; 17)
+ 14687: mip =     not found yet <=   8.717000000e+03        (1197; 17)
+ 14709: mip =     not found yet <=   8.717000000e+03        (1199; 17)
+ 14749: mip =     not found yet <=   8.717000000e+03        (1201; 17)
+ 14786: mip =     not found yet <=   8.717000000e+03        (1204; 17)
+ 14805: mip =     not found yet <=   8.717000000e+03        (1206; 17)
+ 14813: mip =     not found yet <=   8.717000000e+03        (1208; 17)
+ 14845: mip =     not found yet <=   8.717000000e+03        (1210; 17)
+ 14872: mip =     not found yet <=   8.717000000e+03        (1213; 17)
+ 14880: mip =     not found yet <=   8.717000000e+03        (1216; 17)
+ 14893: mip =     not found yet <=   8.717000000e+03        (1219; 17)
Time used: 2744.3 secs.  Memory used: 118.8 Mb.
+ 14922: mip =     not found yet <=   8.717000000e+03        (1222; 17)
+ 14939: mip =     not found yet <=   8.717000000e+03        (1225; 17)
+ 14944: mip =     not found yet <=   8.717000000e+03        (1228; 17)
+ 14985: mip =     not found yet <=   8.717000000e+03        (1231; 17)
+ 15040: mip =     not found yet <=   8.717000000e+03        (1233; 17)
+ 15059: mip =     not found yet <=   8.717000000e+03        (1236; 17)
+ 15085: mip =     not found yet <=   8.717000000e+03        (1239; 17)
+ 15099: mip =     not found yet <=   8.717000000e+03        (1241; 18)
+ 15113: mip =     not found yet <=   8.717000000e+03        (1244; 18)
+ 15120: mip =     not found yet <=   8.717000000e+03        (1246; 18)
Time used: 2804.3 secs.  Memory used: 119.1 Mb.
+ 15155: mip =     not found yet <=   8.717000000e+03        (1248; 18)
+ 15190: mip =     not found yet <=   8.717000000e+03        (1251; 18)
+ 15209: mip =     not found yet <=   8.717000000e+03        (1253; 19)
+ 15223: mip =     not found yet <=   8.716000000e+03        (1256; 19)
+ 15254: mip =     not found yet <=   8.716000000e+03        (1258; 19)
+ 15292: mip =     not found yet <=   8.716000000e+03        (1260; 19)
+ 15324: mip =     not found yet <=   8.715000000e+03        (1262; 20)
+ 15381: mip =     not found yet <=   8.715000000e+03        (1264; 20)
+ 15414: mip =     not found yet <=   8.715000000e+03        (1266; 20)
+ 15428: mip =     not found yet <=   8.715000000e+03        (1269; 20)
Time used: 2865.0 secs.  Memory used: 119.3 Mb.
+ 15435: mip =     not found yet <=   8.715000000e+03        (1272; 20)
+ 15464: mip =     not found yet <=   8.715000000e+03        (1275; 20)
+ 15474: mip =     not found yet <=   8.715000000e+03        (1278; 20)
+ 15489: mip =     not found yet <=   8.715000000e+03        (1281; 20)
+ 15509: mip =     not found yet <=   8.715000000e+03        (1284; 20)
+ 15542: mip =     not found yet <=   8.715000000e+03        (1286; 20)
+ 15557: mip =     not found yet <=   8.715000000e+03        (1288; 21)
+ 15562: mip =     not found yet <=   8.715000000e+03        (1291; 21)
+ 15566: mip =     not found yet <=   8.715000000e+03        (1294; 21)
+ 15569: mip =     not found yet <=   8.715000000e+03        (1297; 21)
Time used: 2925.3 secs.  Memory used: 119.4 Mb.
+ 15573: mip =     not found yet <=   8.715000000e+03        (1300; 21)
+ 15582: mip =     not found yet <=   8.714000000e+03        (1303; 21)
+ 15587: mip =     not found yet <=   8.714000000e+03        (1306; 21)
+ 15598: mip =     not found yet <=   8.714000000e+03        (1309; 21)
+ 15610: mip =     not found yet <=   8.714000000e+03        (1312; 21)
+ 15633: mip =     not found yet <=   8.714000000e+03        (1315; 21)
+ 15661: mip =     not found yet <=   8.714000000e+03        (1317; 21)
+ 15670: mip =     not found yet <=   8.714000000e+03        (1320; 21)
+ 15678: mip =     not found yet <=   8.714000000e+03        (1323; 21)
+ 15686: mip =     not found yet <=   8.714000000e+03        (1326; 21)
Time used: 2986.0 secs.  Memory used: 119.5 Mb.
+ 15724: mip =     not found yet <=   8.714000000e+03        (1328; 21)
+ 15731: mip =     not found yet <=   8.714000000e+03        (1331; 21)
+ 15742: mip =     not found yet <=   8.714000000e+03        (1334; 21)
+ 15751: mip =     not found yet <=   8.714000000e+03        (1337; 21)
+ 15772: mip =     not found yet <=   8.714000000e+03        (1339; 21)
+ 15829: mip =     not found yet <=   8.714000000e+03        (1341; 21)
+ 15838: mip =     not found yet <=   8.714000000e+03        (1344; 21)
+ 15845: mip =     not found yet <=   8.714000000e+03        (1347; 21)
+ 15868: mip =     not found yet <=   8.714000000e+03        (1349; 21)
Time used: 3046.6 secs.  Memory used: 119.7 Mb.
+ 15883: mip =     not found yet <=   8.714000000e+03        (1352; 21)
+ 15905: mip =     not found yet <=   8.714000000e+03        (1354; 21)
+ 15966: mip =     not found yet <=   8.714000000e+03        (1356; 21)
+ 15993: mip =     not found yet <=   8.714000000e+03        (1358; 21)
+ 16031: mip =     not found yet <=   8.714000000e+03        (1361; 21)
+ 16049: mip =     not found yet <=   8.714000000e+03        (1364; 21)
+ 16074: mip =     not found yet <=   8.714000000e+03        (1366; 21)
+ 16133: mip =     not found yet <=   8.714000000e+03        (1369; 21)
+ 16150: mip =     not found yet <=   8.714000000e+03        (1371; 21)
+ 16189: mip =     not found yet <=   8.714000000e+03        (1374; 21)
+ 16205: mip =     not found yet <=   8.714000000e+03        (1377; 21)
Time used: 3107.1 secs.  Memory used: 119.8 Mb.
+ 16215: mip =     not found yet <=   8.714000000e+03        (1380; 21)
+ 16280: mip =     not found yet <=   8.714000000e+03        (1382; 21)
+ 16293: mip =     not found yet <=   8.714000000e+03        (1385; 21)
+ 16309: mip =     not found yet <=   8.714000000e+03        (1388; 21)
+ 16390: mip =     not found yet <=   8.714000000e+03        (1391; 21)
+ 16424: mip =     not found yet <=   8.714000000e+03        (1394; 21)
+ 16499: mip =     not found yet <=   8.714000000e+03        (1397; 21)
+ 16540: mip =     not found yet <=   8.714000000e+03        (1400; 21)
+ 16584: mip =     not found yet <=   8.714000000e+03        (1403; 21)
+ 16644: mip =     not found yet <=   8.714000000e+03        (1406; 21)
Time used: 3167.3 secs.  Memory used: 120.0 Mb.
+ 16696: mip =     not found yet <=   8.714000000e+03        (1409; 21)
+ 16773: mip =     not found yet <=   8.714000000e+03        (1412; 21)
+ 16858: mip =     not found yet <=   8.714000000e+03        (1415; 21)
+ 16869: mip =     not found yet <=   8.714000000e+03        (1419; 21)
+ 16894: mip =     not found yet <=   8.714000000e+03        (1423; 21)
+ 16975: mip =     not found yet <=   8.714000000e+03        (1426; 21)
+ 16999: mip =     not found yet <=   8.714000000e+03        (1430; 21)
+ 17088: mip =     not found yet <=   8.714000000e+03        (1434; 21)
+ 17100: mip =     not found yet <=   8.714000000e+03        (1439; 21)
+ 17118: mip =     not found yet <=   8.714000000e+03        (1444; 21)
+ 17164: mip =     not found yet <=   8.714000000e+03        (1449; 21)
Time used: 3228.2 secs.  Memory used: 120.4 Mb.
+ 17334: mip =     not found yet <=   8.714000000e+03        (1452; 21)
+ 17370: mip =     not found yet <=   8.714000000e+03        (1457; 21)
+ 17399: mip =     not found yet <=   8.714000000e+03        (1461; 21)
+ 17516: mip =     not found yet <=   8.714000000e+03        (1465; 21)
+ 17607: mip =     not found yet <=   8.714000000e+03        (1469; 21)
+ 17755: mip =     not found yet <=   8.714000000e+03        (1472; 21)
+ 17863: mip =     not found yet <=   8.714000000e+03        (1477; 21)
+ 18003: mip =     not found yet <=   8.713000000e+03        (1479; 22)
+ 18064: mip =     not found yet <=   8.713000000e+03        (1481; 22)
+ 18098: mip =     not found yet <=   8.713000000e+03        (1483; 22)
+ 18115: mip =     not found yet <=   8.713000000e+03        (1486; 22)
Time used: 3289.6 secs.  Memory used: 120.9 Mb.
+ 18122: mip =     not found yet <=   8.713000000e+03        (1489; 22)
+ 18134: mip =     not found yet <=   8.713000000e+03        (1492; 22)
+ 18160: mip =     not found yet <=   8.713000000e+03        (1494; 22)
+ 18204: mip =     not found yet <=   8.713000000e+03        (1496; 22)
+ 18222: mip =     not found yet <=   8.713000000e+03        (1499; 22)
+ 18230: mip =     not found yet <=   8.713000000e+03        (1502; 22)
+ 18262: mip =     not found yet <=   8.713000000e+03        (1504; 22)
+ 18299: mip =     not found yet <=   8.713000000e+03        (1506; 22)
+ 18333: mip =     not found yet <=   8.713000000e+03        (1508; 22)
+ 18346: mip =     not found yet <=   8.713000000e+03        (1511; 22)
Time used: 3350.8 secs.  Memory used: 121.1 Mb.
+ 18368: mip =     not found yet <=   8.713000000e+03        (1514; 22)
+ 18384: mip =     not found yet <=   8.713000000e+03        (1517; 22)
+ 18407: mip =     not found yet <=   8.713000000e+03        (1520; 22)
+ 18494: mip =     not found yet <=   8.713000000e+03        (1523; 22)
+ 18578: mip =     not found yet <=   8.713000000e+03        (1526; 22)
+ 18609: mip =     not found yet <=   8.713000000e+03        (1528; 22)
+ 18661: mip =     not found yet <=   8.713000000e+03        (1531; 22)
+ 18705: mip =     not found yet <=   8.713000000e+03        (1534; 22)
+ 18728: mip =     not found yet <=   8.713000000e+03        (1538; 22)
+ 18737: mip =     not found yet <=   8.713000000e+03        (1541; 22)
Time used: 3412.3 secs.  Memory used: 121.3 Mb.
+ 18808: mip =     not found yet <=   8.713000000e+03        (1544; 22)
+ 18826: mip =     not found yet <=   8.713000000e+03        (1548; 22)
+ 18844: mip =     not found yet <=   8.713000000e+03        (1552; 22)
+ 18878: mip =     not found yet <=   8.713000000e+03        (1556; 22)
+ 18903: mip =     not found yet <=   8.713000000e+03        (1560; 22)
+ 18965: mip =     not found yet <=   8.713000000e+03        (1564; 22)
+ 18987: mip =     not found yet <=   8.713000000e+03        (1568; 22)
+ 19060: mip =     not found yet <=   8.713000000e+03        (1571; 22)
+ 19124: mip =     not found yet <=   8.713000000e+03        (1574; 22)
+ 19140: mip =     not found yet <=   8.713000000e+03        (1578; 22)
+ 19158: mip =     not found yet <=   8.713000000e+03        (1582; 22)
Time used: 3472.9 secs.  Memory used: 121.5 Mb.
+ 19178: mip =     not found yet <=   8.713000000e+03        (1586; 22)
+ 19192: mip =     not found yet <=   8.713000000e+03        (1590; 22)
+ 19228: mip =     not found yet <=   8.713000000e+03        (1594; 22)
+ 19269: mip =     not found yet <=   8.713000000e+03        (1598; 22)
+ 19393: mip =     not found yet <=   8.713000000e+03        (1602; 22)
+ 19409: mip =     not found yet <=   8.713000000e+03        (1607; 22)
+ 19429: mip =     not found yet <=   8.713000000e+03        (1611; 22)
+ 19549: mip =     not found yet <=   8.713000000e+03        (1616; 22)
+ 19612: mip =     not found yet <=   8.713000000e+03        (1621; 22)
+ 19697: mip =     not found yet <=   8.713000000e+03        (1624; 23)
+ 19704: mip =     not found yet <=   8.713000000e+03        (1627; 23)
Time used: 3533.9 secs.  Memory used: 122.0 Mb.
+ 19772: mip =     not found yet <=   8.713000000e+03        (1629; 23)
+ 19791: mip =     not found yet <=   8.713000000e+03        (1632; 23)
+ 19801: mip =     not found yet <=   8.713000000e+03        (1634; 23)
+ 19816: mip =     not found yet <=   8.713000000e+03        (1637; 23)
+ 19826: mip =     not found yet <=   8.713000000e+03        (1640; 23)
+ 19843: mip =     not found yet <=   8.713000000e+03        (1642; 23)
+ 19876: mip =     not found yet <=   8.713000000e+03        (1645; 23)
+ 19942: mip =     not found yet <=   8.713000000e+03        (1648; 23)
+ 19957: mip =     not found yet <=   8.713000000e+03        (1652; 23)
+ 19997: mip =     not found yet <=   8.713000000e+03        (1656; 23)
Time used: 3594.1 secs.  Memory used: 122.1 Mb.
+ 20018: mip =     not found yet <=   8.713000000e+03        (1659; 23)
+ 20023: mip =     not found yet <=   8.713000000e+03        (1660; 23)
TIME LIMIT EXCEEDED; SEARCH TERMINATED
Time used:   3603.0 secs
Memory used: 139.1 Mb (145868002 bytes)
Writing MIP solution to 'solutions/kroA200.sol'...
